"../../../Engine/Content/EditorResources/S_Actor.ubulk" 0
"../../../Engine/Content/EditorResources/S_Actor.uasset" 1
"../../../Engine/Content/EditorResources/S_Actor.uexp" 2
"../../../Engine/Content/EditorResources/S_BoxReflectionCapture.uasset" 3
"../../../Engine/Content/EditorResources/S_BoxReflectionCapture.uexp" 4
"../../../Engine/Content/EngineResources/DefaultTexture.ubulk" 5
"../../../Engine/Content/EngineResources/DefaultTexture.uasset" 6
"../../../Engine/Content/EngineResources/DefaultTexture.uexp" 7
"../../../Engine/Content/EngineResources/DefaultTextureCube.uasset" 8
"../../../Engine/Content/EngineResources/DefaultTextureCube.uexp" 9
"../../../Engine/Content/EngineResources/DefaultVolumeTexture2D.uasset" 10
"../../../Engine/Content/EngineResources/DefaultVolumeTexture2D.uexp" 11
"../../../Engine/Content/EngineResources/DefaultVolumeTexture.uasset" 12
"../../../Engine/Content/EngineResources/DefaultVolumeTexture.uexp" 13
"../../../Engine/Content/EditorResources/S_Trigger.ubulk" 14
"../../../Engine/Content/EditorResources/S_Trigger.uasset" 15
"../../../Engine/Content/EditorResources/S_Trigger.uexp" 16
"../../../Engine/Content/EditorResources/S_TriggerBox.uasset" 17
"../../../Engine/Content/EditorResources/S_TriggerBox.uexp" 18
"../../../Engine/Content/EditorResources/S_TriggerCapsule.uasset" 19
"../../../Engine/Content/EditorResources/S_TriggerCapsule.uexp" 20
"../../../Engine/Content/EditorResources/S_TriggerSphere.uasset" 21
"../../../Engine/Content/EditorResources/S_TriggerSphere.uexp" 22
"../../../Engine/Content/EngineMeshes/Sphere.ubulk" 23
"../../../Engine/Content/EngineMeshes/Sphere.uasset" 24
"../../../Engine/Content/EngineMeshes/Sphere.uexp" 25
"../../../Engine/Content/EngineResources/GradientTexture0.uasset" 26
"../../../Engine/Content/EngineResources/GradientTexture0.uexp" 27
"../../../Engine/Content/EngineResources/Black.uasset" 28
"../../../Engine/Content/EngineResources/Black.uexp" 29
"../../../Engine/Content/VREditor/LaserPointer/VR_LaserPower_01.ubulk" 30
"../../../Engine/Content/VREditor/LaserPointer/VR_LaserPower_01.uasset" 31
"../../../Engine/Content/VREditor/LaserPointer/VR_LaserPower_01.uexp" 32
"../../../Engine/Content/VREditor/TransformGizmo/TransformGizmoMaterial.uasset" 33
"../../../Engine/Content/VREditor/TransformGizmo/TransformGizmoMaterial.uexp" 34
"../../../Engine/Content/VREditor/TransformGizmo/TranslucentTransformGizmoMaterial.uasset" 35
"../../../Engine/Content/VREditor/TransformGizmo/TranslucentTransformGizmoMaterial.uexp" 36
"../../../Engine/Content/VREditor/TransformGizmo/PlaneTranslationHandle.ubulk" 37
"../../../Engine/Content/VREditor/TransformGizmo/PlaneTranslationHandle.uasset" 38
"../../../Engine/Content/VREditor/TransformGizmo/PlaneTranslationHandle.uexp" 39
"../../../Engine/Content/VREditor/TransformGizmo/BoundingBoxCorner.ubulk" 40
"../../../Engine/Content/VREditor/TransformGizmo/BoundingBoxCorner.uasset" 41
"../../../Engine/Content/VREditor/TransformGizmo/BoundingBoxCorner.uexp" 42
"../../../Engine/Content/VREditor/TransformGizmo/BoundingBoxEdge.ubulk" 43
"../../../Engine/Content/VREditor/TransformGizmo/BoundingBoxEdge.uasset" 44
"../../../Engine/Content/VREditor/TransformGizmo/BoundingBoxEdge.uexp" 45
"../../../Engine/Content/VREditor/TransformGizmo/Main.uasset" 46
"../../../Engine/Content/VREditor/TransformGizmo/Main.uexp" 47
"../../../Engine/Content/VREditor/TransformGizmo/Xray.uasset" 48
"../../../Engine/Content/VREditor/TransformGizmo/Xray.uexp" 49
"../../../Engine/Content/VREditor/TransformGizmo/SM_Sequencer_Node.ubulk" 50
"../../../Engine/Content/VREditor/TransformGizmo/SM_Sequencer_Node.uasset" 51
"../../../Engine/Content/VREditor/TransformGizmo/SM_Sequencer_Node.uexp" 52
"../../../Engine/Content/EditorMaterials/Camera/CineMat.uasset" 53
"../../../Engine/Content/EditorMaterials/Camera/CineMat.uexp" 54
"../../../Engine/Content/EditorMaterials/Camera/MI_CineMat_Rig.uasset" 55
"../../../Engine/Content/EditorMaterials/Camera/MI_CineMat_Rig.uexp" 56
"../../../Engine/Content/EditorMeshes/Camera/SM_CraneRig_Base.ubulk" 57
"../../../Engine/Content/EditorMeshes/Camera/SM_CraneRig_Base.uasset" 58
"../../../Engine/Content/EditorMeshes/Camera/SM_CraneRig_Base.uexp" 59
"../../../Engine/Content/EditorMeshes/Camera/SM_CraneRig_Arm.ubulk" 60
"../../../Engine/Content/EditorMeshes/Camera/SM_CraneRig_Arm.uasset" 61
"../../../Engine/Content/EditorMeshes/Camera/SM_CraneRig_Arm.uexp" 62
"../../../Engine/Content/EditorMeshes/Camera/SM_CraneRig_Mount.ubulk" 63
"../../../Engine/Content/EditorMeshes/Camera/SM_CraneRig_Mount.uasset" 64
"../../../Engine/Content/EditorMeshes/Camera/SM_CraneRig_Mount.uexp" 65
"../../../Engine/Content/EditorMeshes/Camera/SM_CraneRig_Body.ubulk" 66
"../../../Engine/Content/EditorMeshes/Camera/SM_CraneRig_Body.uasset" 67
"../../../Engine/Content/EditorMeshes/Camera/SM_CraneRig_Body.uexp" 68
"../../../Engine/Content/EditorMeshes/Camera/SM_RailRig_Track.ubulk" 69
"../../../Engine/Content/EditorMeshes/Camera/SM_RailRig_Track.uasset" 70
"../../../Engine/Content/EditorMeshes/Camera/SM_RailRig_Track.uexp" 71
"../../../Engine/Content/EditorMeshes/Camera/SM_RailRig_Mount.ubulk" 72
"../../../Engine/Content/EditorMeshes/Camera/SM_RailRig_Mount.uasset" 73
"../../../Engine/Content/EditorMeshes/Camera/SM_RailRig_Mount.uexp" 74
"../../../Engine/Content/EngineMaterials/T_Default_Material_Grid_M.ubulk" 75
"../../../Engine/Content/EngineMaterials/T_Default_Material_Grid_M.uasset" 76
"../../../Engine/Content/EngineMaterials/T_Default_Material_Grid_M.uexp" 77
"../../../Engine/Content/EngineMaterials/T_Default_Material_Grid_N.ubulk" 78
"../../../Engine/Content/EngineMaterials/T_Default_Material_Grid_N.uasset" 79
"../../../Engine/Content/EngineMaterials/T_Default_Material_Grid_N.uexp" 80
"../../../Engine/Content/Functions/Engine_MaterialFunctions01/Opacity/CameraDepthFade.uasset" 81
"../../../Engine/Content/Functions/Engine_MaterialFunctions01/Opacity/CameraDepthFade.uexp" 82
"../../../Engine/Content/EngineMaterials/WorldGridMaterial.uasset" 83
"../../../Engine/Content/EngineMaterials/WorldGridMaterial.uexp" 84
"../../../Engine/Content/ArtTools/RenderToTexture/Meshes/S_1_Unit_Plane.ubulk" 85
"../../../Engine/Content/ArtTools/RenderToTexture/Meshes/S_1_Unit_Plane.uasset" 86
"../../../Engine/Content/ArtTools/RenderToTexture/Meshes/S_1_Unit_Plane.uexp" 87
"../../../Engine/Content/EditorMaterials/ParticleSystems/PSysThumbnail_NoImage.ubulk" 88
"../../../Engine/Content/EditorMaterials/ParticleSystems/PSysThumbnail_NoImage.uasset" 89
"../../../Engine/Content/EditorMaterials/ParticleSystems/PSysThumbnail_NoImage.uexp" 90
"../../../Engine/Content/EditorMaterials/ParticleSystems/PSysThumbnail_OOD.ubulk" 91
"../../../Engine/Content/EditorMaterials/ParticleSystems/PSysThumbnail_OOD.uasset" 92
"../../../Engine/Content/EditorMaterials/ParticleSystems/PSysThumbnail_OOD.uexp" 93
"../../../Engine/Content/EditorLandscapeResources/SplineEditorMeshMat.uasset" 94
"../../../Engine/Content/EditorLandscapeResources/SplineEditorMeshMat.uexp" 95
"../../../Engine/Content/EditorLandscapeResources/SplineEditorMesh.ubulk" 96
"../../../Engine/Content/EditorLandscapeResources/SplineEditorMesh.uasset" 97
"../../../Engine/Content/EditorLandscapeResources/SplineEditorMesh.uexp" 98
"../../../Engine/Content/EditorResources/S_Solver.ubulk" 99
"../../../Engine/Content/EditorResources/S_Solver.uasset" 100
"../../../Engine/Content/EditorResources/S_Solver.uexp" 101
"../../../Engine/Plugins/Media/MediaPlate/Content/SM_MediaPlateScreen.ubulk" 102
"../../../Engine/Plugins/Media/MediaPlate/Content/SM_MediaPlateScreen.uasset" 103
"../../../Engine/Plugins/Media/MediaPlate/Content/SM_MediaPlateScreen.uexp" 104
"../../../Engine/Content/EngineMaterials/Good64x64TilingNoiseHighFreq.uasset" 105
"../../../Engine/Content/EngineMaterials/Good64x64TilingNoiseHighFreq.uexp" 106
"../../../Engine/Content/EngineMaterials/DefaultBokeh.uasset" 107
"../../../Engine/Content/EngineMaterials/DefaultBokeh.uexp" 108
"../../../Engine/Content/EngineMaterials/PreintegratedSkinBRDF.uasset" 109
"../../../Engine/Content/EngineMaterials/PreintegratedSkinBRDF.uexp" 110
"../../../Engine/Content/EngineMaterials/MiniFont.uasset" 111
"../../../Engine/Content/EngineMaterials/MiniFont.uexp" 112
"../../../Engine/Content/EngineMaterials/WeightMapPlaceholderTexture.uasset" 113
"../../../Engine/Content/EngineMaterials/WeightMapPlaceholderTexture.uexp" 114
"../../../Engine/Content/EngineMaterials/DefaultWhiteGrid.ubulk" 115
"../../../Engine/Content/EngineMaterials/DefaultWhiteGrid.uasset" 116
"../../../Engine/Content/EngineMaterials/DefaultWhiteGrid.uexp" 117
"../../../Engine/Content/Animation/DefaultRecorderBoneCompression.uasset" 118
"../../../Engine/Content/Animation/DefaultRecorderBoneCompression.uexp" 119
"../../../Engine/Content/Animation/DefaultAnimCurveCompressionSettings.uasset" 120
"../../../Engine/Content/Animation/DefaultAnimCurveCompressionSettings.uexp" 121
"../../../Engine/Content/Animation/DefaultAnimBoneCompressionSettings.uasset" 122
"../../../Engine/Content/Animation/DefaultAnimBoneCompressionSettings.uexp" 123
"../../../Engine/Content/EngineMaterials/DefaultMaterial.uasset" 124
"../../../Engine/Content/EngineMaterials/DefaultMaterial.uexp" 125
"../../../Engine/Content/BasicShapes/Sphere.ubulk" 126
"../../../Engine/Content/BasicShapes/Sphere.uasset" 127
"../../../Engine/Content/BasicShapes/Sphere.uexp" 128
"../../../Engine/Content/BasicShapes/Plane.ubulk" 129
"../../../Engine/Content/BasicShapes/Plane.uasset" 130
"../../../Engine/Content/BasicShapes/Plane.uexp" 131
"../../../Engine/Content/BasicShapes/Cylinder.ubulk" 132
"../../../Engine/Content/BasicShapes/Cylinder.uasset" 133
"../../../Engine/Content/BasicShapes/Cylinder.uexp" 134
"../../../Engine/Content/BasicShapes/Cube.ubulk" 135
"../../../Engine/Content/BasicShapes/Cube.uasset" 136
"../../../Engine/Content/BasicShapes/Cube.uexp" 137
"../../../Engine/Content/BasicShapes/Cone.ubulk" 138
"../../../Engine/Content/BasicShapes/Cone.uasset" 139
"../../../Engine/Content/BasicShapes/Cone.uexp" 140
"../../../Engine/Content/EditorResources/S_Terrain.ubulk" 141
"../../../Engine/Content/EditorResources/S_Terrain.uasset" 142
"../../../Engine/Content/EditorResources/S_Terrain.uexp" 143
"../../../Engine/Content/EditorResources/EmptyActor.uasset" 144
"../../../Engine/Content/EditorResources/EmptyActor.uexp" 145
"../../../Engine/Content/EditorResources/BSPVertex.uasset" 146
"../../../Engine/Content/EditorResources/BSPVertex.uexp" 147
"../../../Engine/Content/EditorResources/AudioIcons/S_AudioComponent_AutoActivate.uasset" 148
"../../../Engine/Content/EditorResources/AudioIcons/S_AudioComponent_AutoActivate.uexp" 149
"../../../Engine/Content/EditorResources/SequenceRecorder/RecordingIndicator.uasset" 150
"../../../Engine/Content/EditorResources/SequenceRecorder/RecordingIndicator.uexp" 151
"../../../Engine/Content/EditorResources/SequenceRecorder/Countdown.uasset" 152
"../../../Engine/Content/EditorResources/SequenceRecorder/Countdown.uexp" 153
"../../../Engine/Content/EditorMaterials/PreviewShadowIndicator.ubulk" 154
"../../../Engine/Content/EditorMaterials/PreviewShadowIndicator.uasset" 155
"../../../Engine/Content/EditorMaterials/PreviewShadowIndicator.uexp" 156
"../../../Engine/Content/EditorMaterials/PreviewShadowIndicatorMaterial.uasset" 157
"../../../Engine/Content/EditorMaterials/PreviewShadowIndicatorMaterial.uexp" 158
"../../../Engine/Content/EditorMaterials/PhAT_UnselectedMaterial.uasset" 159
"../../../Engine/Content/EditorMaterials/PhAT_UnselectedMaterial.uexp" 160
"../../../Engine/Content/EditorMaterials/PhAT_NoCollisionMaterial.uasset" 161
"../../../Engine/Content/EditorMaterials/PhAT_NoCollisionMaterial.uexp" 162
"../../../Engine/Content/Functions/Engine_MaterialFunctions02/Utility/MakeFloat4.uasset" 163
"../../../Engine/Content/Functions/Engine_MaterialFunctions02/Utility/MakeFloat4.uexp" 164
"../../../Engine/Content/Functions/Engine_MaterialFunctions02/Utility/MakeFloat3.uasset" 165
"../../../Engine/Content/Functions/Engine_MaterialFunctions02/Utility/MakeFloat3.uexp" 166
"../../../Engine/Content/Functions/Engine_MaterialFunctions02/Utility/BreakOutFloat3Components.uasset" 167
"../../../Engine/Content/Functions/Engine_MaterialFunctions02/Utility/BreakOutFloat3Components.uexp" 168
"../../../Engine/Content/EditorMaterials/WorldPartition/WorldPartitionSpatialHashGridPreviewMaterial.uasset" 169
"../../../Engine/Content/EditorMaterials/WorldPartition/WorldPartitionSpatialHashGridPreviewMaterial.uexp" 170
"../../../Engine/Content/EditorLandscapeResources/DefaultAlphaTexture.uasset" 171
"../../../Engine/Content/EditorLandscapeResources/DefaultAlphaTexture.uexp" 172
"../../../Engine/Content/EditorLandscapeResources/DataLayer.uasset" 173
"../../../Engine/Content/EditorLandscapeResources/DataLayer.uexp" 174
"../../../Engine/Content/EngineFonts/Faces/RobotoLight.uexp" 175
"../../../Engine/Content/EngineFonts/Faces/RobotoLight.uasset" 176
"../../../Engine/Content/EngineFonts/Faces/RobotoLight.ufont" 177
"../../../Engine/Content/EngineFonts/Faces/RobotoBold.uexp" 178
"../../../Engine/Content/EngineFonts/Faces/RobotoBold.uasset" 179
"../../../Engine/Content/EngineFonts/Faces/RobotoBold.ufont" 180
"../../../Engine/Content/EngineFonts/Faces/RobotoRegular.uexp" 181
"../../../Engine/Content/EngineFonts/Faces/RobotoRegular.uasset" 182
"../../../Engine/Content/EngineFonts/Faces/RobotoRegular.ufont" 183
"../../../Engine/Content/EngineFonts/Faces/DroidSansFallback.uexp" 184
"../../../Engine/Content/EngineFonts/Faces/DroidSansFallback.uasset" 185
"../../../Engine/Content/EngineFonts/Faces/DroidSansFallback.ufont" 186
"../../../Engine/Content/EngineFonts/Faces/RobotoItalic.uexp" 187
"../../../Engine/Content/EngineFonts/Faces/RobotoItalic.uasset" 188
"../../../Engine/Content/EngineFonts/Faces/RobotoItalic.ufont" 189
"../../../Engine/Content/EngineFonts/Faces/RobotoBoldItalic.uexp" 190
"../../../Engine/Content/EngineFonts/Faces/RobotoBoldItalic.uasset" 191
"../../../Engine/Content/EngineFonts/Faces/RobotoBoldItalic.ufont" 192
"../../../Engine/Content/EngineFonts/Roboto.uasset" 193
"../../../Engine/Content/EngineFonts/Roboto.uexp" 194
"../../../Engine/Content/EngineSounds/Master.uasset" 195
"../../../Engine/Content/EngineSounds/Master.uexp" 196
"../../../Engine/Content/EngineSky/VolumetricClouds/CloudWeatherTexture.uasset" 197
"../../../Engine/Content/EngineSky/VolumetricClouds/CloudWeatherTexture.uexp" 198
"../../../Engine/Content/Functions/Engine_MaterialFunctions02/Utility/MakeFloat2.uasset" 199
"../../../Engine/Content/Functions/Engine_MaterialFunctions02/Utility/MakeFloat2.uexp" 200
"../../../Engine/Content/EngineSky/VolumetricClouds/CloudGradientTexture.uasset" 201
"../../../Engine/Content/EngineSky/VolumetricClouds/CloudGradientTexture.uexp" 202
"../../../Engine/Content/EngineSky/VolumetricClouds/T_NoiseShape64.ubulk" 203
"../../../Engine/Content/EngineSky/VolumetricClouds/T_NoiseShape64.uasset" 204
"../../../Engine/Content/EngineSky/VolumetricClouds/T_NoiseShape64.uexp" 205
"../../../Engine/Content/EngineSky/VolumetricClouds/T_VolumeNoiseShape64.uasset" 206
"../../../Engine/Content/EngineSky/VolumetricClouds/T_VolumeNoiseShape64.uexp" 207
"../../../Engine/Content/EngineSky/VolumetricClouds/T_NoiseErosion.ubulk" 208
"../../../Engine/Content/EngineSky/VolumetricClouds/T_NoiseErosion.uasset" 209
"../../../Engine/Content/EngineSky/VolumetricClouds/T_NoiseErosion.uexp" 210
"../../../Engine/Content/EngineSky/VolumetricClouds/T_VolumeNoiseErosion32.uasset" 211
"../../../Engine/Content/EngineSky/VolumetricClouds/T_VolumeNoiseErosion32.uexp" 212
"../../../Engine/Content/EngineSky/VolumetricClouds/m_SimpleVolumetricCloud.uasset" 213
"../../../Engine/Content/EngineSky/VolumetricClouds/m_SimpleVolumetricCloud.uexp" 214
"../../../Engine/Content/EngineSky/VolumetricClouds/m_SimpleVolumetricCloud_Inst.uasset" 215
"../../../Engine/Content/EngineSky/VolumetricClouds/m_SimpleVolumetricCloud_Inst.uexp" 216
"../../../Engine/Content/EngineResources/FilmGrains/Marcie_Grain_v3_128_M2_000.uasset" 217
"../../../Engine/Content/EngineResources/FilmGrains/Marcie_Grain_v3_128_M2_000.uexp" 218
"../../../Engine/Content/EngineResources/WhiteSquareTexture.uasset" 219
"../../../Engine/Content/EngineResources/WhiteSquareTexture.uexp" 220
"../../../Engine/Content/EngineMaterials/Widget3DPassThrough.uasset" 221
"../../../Engine/Content/EngineMaterials/Widget3DPassThrough.uexp" 222
"../../../Engine/Content/EngineMaterials/Widget3DPassThrough_Translucent.uasset" 223
"../../../Engine/Content/EngineMaterials/Widget3DPassThrough_Translucent.uexp" 224
"../../../Engine/Content/EngineMaterials/Widget3DPassThrough_Translucent_OneSided.uasset" 225
"../../../Engine/Content/EngineMaterials/Widget3DPassThrough_Translucent_OneSided.uexp" 226
"../../../Engine/Content/EngineMaterials/Widget3DPassThrough_Opaque.uasset" 227
"../../../Engine/Content/EngineMaterials/Widget3DPassThrough_Opaque.uexp" 228
"../../../Engine/Content/EngineMaterials/Widget3DPassThrough_Opaque_OneSided.uasset" 229
"../../../Engine/Content/EngineMaterials/Widget3DPassThrough_Opaque_OneSided.uexp" 230
"../../../Engine/Content/EngineMaterials/Widget3DPassThrough_Masked_OneSided.uasset" 231
"../../../Engine/Content/EngineMaterials/Widget3DPassThrough_Masked_OneSided.uexp" 232
"../../../Engine/Content/EngineMaterials/Widget3DPassThrough_Masked.uasset" 233
"../../../Engine/Content/EngineMaterials/Widget3DPassThrough_Masked.uexp" 234
"../../../Engine/Plugins/Interchange/Runtime/Content/gltf/MaterialFunctions/MF_RotateV2.uasset" 235
"../../../Engine/Plugins/Interchange/Runtime/Content/gltf/MaterialFunctions/MF_RotateV2.uexp" 236
"../../../Engine/Plugins/Interchange/Runtime/Content/gltf/MaterialFunctions/MF_TransformUVs.uasset" 237
"../../../Engine/Plugins/Interchange/Runtime/Content/gltf/MaterialFunctions/MF_TransformUVs.uexp" 238
"../../../Engine/Plugins/Interchange/Runtime/Content/gltf/Textures/T_White_srgb.uasset" 239
"../../../Engine/Plugins/Interchange/Runtime/Content/gltf/Textures/T_White_srgb.uexp" 240
"../../../Engine/Plugins/Interchange/Runtime/Content/gltf/MaterialFunctions/MF_BaseColor.uasset" 241
"../../../Engine/Plugins/Interchange/Runtime/Content/gltf/MaterialFunctions/MF_BaseColor.uexp" 242
"../../../Engine/Plugins/Interchange/Runtime/Content/gltf/MaterialFunctions/MF_DiffuseSpecGloss.uasset" 243
"../../../Engine/Plugins/Interchange/Runtime/Content/gltf/MaterialFunctions/MF_DiffuseSpecGloss.uexp" 244
"../../../Engine/Plugins/Interchange/Runtime/Content/gltf/Textures/T_White_Linear.uasset" 245
"../../../Engine/Plugins/Interchange/Runtime/Content/gltf/Textures/T_White_Linear.uexp" 246
"../../../Engine/Plugins/Interchange/Runtime/Content/gltf/MaterialFunctions/MF_MetallicRoughness.uasset" 247
"../../../Engine/Plugins/Interchange/Runtime/Content/gltf/MaterialFunctions/MF_MetallicRoughness.uexp" 248
"../../../Engine/Content/Functions/Engine_MaterialFunctions02/Math/Transform3x3Matrix.uasset" 249
"../../../Engine/Content/Functions/Engine_MaterialFunctions02/Math/Transform3x3Matrix.uexp" 250
"../../../Engine/Plugins/Interchange/Runtime/Content/gltf/MaterialFunctions/MF_RotateNormals_TS.uasset" 251
"../../../Engine/Plugins/Interchange/Runtime/Content/gltf/MaterialFunctions/MF_RotateNormals_TS.uexp" 252
"../../../Engine/Plugins/Interchange/Runtime/Content/gltf/Textures/T_Generic_N.uasset" 253
"../../../Engine/Plugins/Interchange/Runtime/Content/gltf/Textures/T_Generic_N.uexp" 254
"../../../Engine/Plugins/Interchange/Runtime/Content/gltf/MaterialFunctions/MF_Clearcoat.uasset" 255
"../../../Engine/Plugins/Interchange/Runtime/Content/gltf/MaterialFunctions/MF_Clearcoat.uexp" 256
"../../../Engine/Plugins/Interchange/Runtime/Content/gltf/MaterialFunctions/MF_Occlusion.uasset" 257
"../../../Engine/Plugins/Interchange/Runtime/Content/gltf/MaterialFunctions/MF_Occlusion.uexp" 258
"../../../Engine/Plugins/Interchange/Runtime/Content/gltf/MaterialFunctions/MF_Emissive.uasset" 259
"../../../Engine/Plugins/Interchange/Runtime/Content/gltf/MaterialFunctions/MF_Emissive.uexp" 260
"../../../Engine/Plugins/Interchange/Runtime/Content/gltf/MaterialFunctions/MF_Specular.uasset" 261
"../../../Engine/Plugins/Interchange/Runtime/Content/gltf/MaterialFunctions/MF_Specular.uexp" 262
"../../../Engine/Plugins/Interchange/Runtime/Content/gltf/MaterialFunctions/MF_IOR.uasset" 263
"../../../Engine/Plugins/Interchange/Runtime/Content/gltf/MaterialFunctions/MF_IOR.uexp" 264
"../../../Engine/Content/Functions/Engine_MaterialFunctions01/Texturing/FlattenNormal.uasset" 265
"../../../Engine/Content/Functions/Engine_MaterialFunctions01/Texturing/FlattenNormal.uexp" 266
"../../../Engine/Plugins/Interchange/Runtime/Content/gltf/MaterialFunctions/MF_Normals.uasset" 267
"../../../Engine/Plugins/Interchange/Runtime/Content/gltf/MaterialFunctions/MF_Normals.uexp" 268
"../../../Engine/Content/Functions/Engine_MaterialFunctions02/Math/AddComponents.uasset" 269
"../../../Engine/Content/Functions/Engine_MaterialFunctions02/Math/AddComponents.uexp" 270
"../../../Engine/Plugins/Interchange/Runtime/Content/gltf/MaterialFunctions/MF_PerceivedBrightness.uasset" 271
"../../../Engine/Plugins/Interchange/Runtime/Content/gltf/MaterialFunctions/MF_PerceivedBrightness.uexp" 272
"../../../Engine/Plugins/Interchange/Runtime/Content/gltf/MaterialFunctions/MF_SpecGlossToMetalRoughness.uasset" 273
"../../../Engine/Plugins/Interchange/Runtime/Content/gltf/MaterialFunctions/MF_SpecGlossToMetalRoughness.uexp" 274
"../../../Engine/Plugins/Interchange/Runtime/Content/gltf/M_Translucent.uasset" 275
"../../../Engine/Plugins/Interchange/Runtime/Content/gltf/M_Translucent.uexp" 276
"../../../Engine/Plugins/Interchange/Runtime/Content/gltf/MaterialInstances_SG/MI_Translucent_ClearCoat_TS.uasset" 277
"../../../Engine/Plugins/Interchange/Runtime/Content/gltf/MaterialInstances_SG/MI_Translucent_ClearCoat_TS.uexp" 278
"../../../Engine/Content/EngineMaterials/STBlueNoise_vec2_128x128x64.uasset" 279
"../../../Engine/Content/EngineMaterials/STBlueNoise_vec2_128x128x64.uexp" 280
"../../../Engine/Content/EngineMaterials/STBlueNoise_scalar_128x128x64.uasset" 281
"../../../Engine/Content/EngineMaterials/STBlueNoise_scalar_128x128x64.uexp" 282
"../../../Engine/Content/EngineMaterials/RemoveSurfaceMaterial.uasset" 283
"../../../Engine/Content/EngineMaterials/RemoveSurfaceMaterial.uexp" 284
"../../../Engine/Plugins/Interchange/Runtime/Content/gltf/MaterialInstances_SG/MI_Translucent.uasset" 285
"../../../Engine/Plugins/Interchange/Runtime/Content/gltf/MaterialInstances_SG/MI_Translucent.uexp" 286
"../../../Engine/Content/EngineMaterials/DefaultCalibrationGrayscale.uasset" 287
"../../../Engine/Content/EngineMaterials/DefaultCalibrationGrayscale.uexp" 288
"../../../Engine/Content/EngineMaterials/PPM_DefaultCalibrationGrayscale.uasset" 289
"../../../Engine/Content/EngineMaterials/PPM_DefaultCalibrationGrayscale.uexp" 290
"../../../Engine/Content/EngineMaterials/DefaultCalibrationColor.uasset" 291
"../../../Engine/Content/EngineMaterials/DefaultCalibrationColor.uexp" 292
"../../../Engine/Content/EngineMaterials/PPM_DefaultCalibrationColor.uasset" 293
"../../../Engine/Content/EngineMaterials/PPM_DefaultCalibrationColor.uexp" 294
"../../../Engine/Content/Functions/Engine_MaterialFunctions02/WorldPositionOffset/CameraOffset.uasset" 295
"../../../Engine/Content/Functions/Engine_MaterialFunctions02/WorldPositionOffset/CameraOffset.uexp" 296
"../../../Engine/Content/EngineMaterials/PhAT_JointLimitMaterial.uasset" 297
"../../../Engine/Content/EngineMaterials/PhAT_JointLimitMaterial.uexp" 298
"../../../Engine/Content/EngineMaterials/InvalidLightmapSettings.ubulk" 299
"../../../Engine/Content/EngineMaterials/InvalidLightmapSettings.uasset" 300
"../../../Engine/Content/EngineMaterials/InvalidLightmapSettings.uexp" 301
"../../../Engine/Content/EngineMaterials/M_InvalidLightmapSettings.uasset" 302
"../../../Engine/Content/EngineMaterials/M_InvalidLightmapSettings.uexp" 303
"../../../Engine/Plugins/Interchange/Runtime/Content/gltf/MaterialInstances_SG/MI_Translucent_ClearCoat.uasset" 304
"../../../Engine/Plugins/Interchange/Runtime/Content/gltf/MaterialInstances_SG/MI_Translucent_ClearCoat.uexp" 305
"../../../Engine/Plugins/Interchange/Runtime/Content/gltf/M_Opaque.uasset" 306
"../../../Engine/Plugins/Interchange/Runtime/Content/gltf/M_Opaque.uexp" 307
"../../../Engine/Plugins/Interchange/Runtime/Content/gltf/MaterialInstances_MR/MI_Opaque_TS.uasset" 308
"../../../Engine/Plugins/Interchange/Runtime/Content/gltf/MaterialInstances_MR/MI_Opaque_TS.uexp" 309
"../../../Engine/Plugins/Interchange/Runtime/Content/gltf/MaterialFunctions/MF_Sheen.uasset" 310
"../../../Engine/Plugins/Interchange/Runtime/Content/gltf/MaterialFunctions/MF_Sheen.uexp" 311
"../../../Engine/Content/Functions/Engine_MaterialFunctions01/Shading/FuzzyShading.uasset" 312
"../../../Engine/Content/Functions/Engine_MaterialFunctions01/Shading/FuzzyShading.uexp" 313
"../../../Engine/Plugins/Interchange/Runtime/Content/gltf/M_Sheen.uasset" 314
"../../../Engine/Plugins/Interchange/Runtime/Content/gltf/M_Sheen.uexp" 315
"../../../Engine/Plugins/Interchange/Runtime/Content/gltf/MaterialInstances_SG/MI_Opaque_Sheen_TS.uasset" 316
"../../../Engine/Plugins/Interchange/Runtime/Content/gltf/MaterialInstances_SG/MI_Opaque_Sheen_TS.uexp" 317
"../../../Engine/Content/EngineMaterials/GizmoMaterial.uasset" 318
"../../../Engine/Content/EngineMaterials/GizmoMaterial.uexp" 319
"../../../Engine/Content/EngineMaterials/BaseFlattenEmissiveMap_VT.uasset" 320
"../../../Engine/Content/EngineMaterials/BaseFlattenEmissiveMap_VT.uexp" 321
"../../../Engine/Content/EngineMaterials/BaseFlattenGrayscaleMap_VT.uasset" 322
"../../../Engine/Content/EngineMaterials/BaseFlattenGrayscaleMap_VT.uexp" 323
"../../../Engine/Content/EngineMaterials/BaseFlattenLinearColor_VT.uasset" 324
"../../../Engine/Content/EngineMaterials/BaseFlattenLinearColor_VT.uexp" 325
"../../../Engine/Content/EngineMaterials/Black_1x1_EXR_Texture_VT.uasset" 326
"../../../Engine/Content/EngineMaterials/Black_1x1_EXR_Texture_VT.uexp" 327
"../../../Engine/Content/EngineMaterials/BaseFlattenDiffuseMap_VT.uasset" 328
"../../../Engine/Content/EngineMaterials/BaseFlattenDiffuseMap_VT.uexp" 329
"../../../Engine/Content/EngineMaterials/BaseFlattenNormalMap_VT.uasset" 330
"../../../Engine/Content/EngineMaterials/BaseFlattenNormalMap_VT.uexp" 331
"../../../Engine/Content/EngineMaterials/FlattenMaterial_WS_Normal_VT.uasset" 332
"../../../Engine/Content/EngineMaterials/FlattenMaterial_WS_Normal_VT.uexp" 333
"../../../Engine/Content/EngineMaterials/FlattenMaterial_VT.uasset" 334
"../../../Engine/Content/EngineMaterials/FlattenMaterial_VT.uexp" 335
"../../../Engine/Content/EngineMaterials/DefaultWhiteGrid_Low.uasset" 336
"../../../Engine/Content/EngineMaterials/DefaultWhiteGrid_Low.uexp" 337
"../../../Engine/Content/EngineMaterials/EmissiveMeshMaterial.uasset" 338
"../../../Engine/Content/EngineMaterials/EmissiveMeshMaterial.uexp" 339
"../../../Engine/Plugins/Interchange/Runtime/Content/gltf/MaterialInstances_MR/MI_Opaque_Sheen_TS.uasset" 340
"../../../Engine/Plugins/Interchange/Runtime/Content/gltf/MaterialInstances_MR/MI_Opaque_Sheen_TS.uexp" 341
"../../../Engine/Plugins/Interchange/Runtime/Content/gltf/MaterialInstances_SG/MI_Translucent_TS.uasset" 342
"../../../Engine/Plugins/Interchange/Runtime/Content/gltf/MaterialInstances_SG/MI_Translucent_TS.uexp" 343
"../../../Engine/Content/EngineFonts/RobotoDistanceField.uasset" 344
"../../../Engine/Content/EngineFonts/RobotoDistanceField.uexp" 345
"../../../Engine/Content/EngineMaterials/DefaultTextMaterialOpaque.uasset" 346
"../../../Engine/Content/EngineMaterials/DefaultTextMaterialOpaque.uexp" 347
"../../../Engine/Content/EngineMaterials/DefaultDiffuse.ubulk" 348
"../../../Engine/Content/EngineMaterials/DefaultDiffuse.uasset" 349
"../../../Engine/Content/EngineMaterials/DefaultDiffuse.uexp" 350
"../../../Engine/Content/Functions/Engine_MaterialFunctions02/Utility/BreakOutFloat2Components.uasset" 351
"../../../Engine/Content/Functions/Engine_MaterialFunctions02/Utility/BreakOutFloat2Components.uexp" 352
"../../../Engine/Content/EngineMaterials/DefaultPostProcessMaterial.uasset" 353
"../../../Engine/Content/EngineMaterials/DefaultPostProcessMaterial.uexp" 354
"../../../Engine/Content/EngineMaterials/DefaultPhysicalMaterial.uasset" 355
"../../../Engine/Content/EngineMaterials/DefaultPhysicalMaterial.uexp" 356
"../../../Engine/Content/EngineMaterials/DefaultLightFunctionMaterial.uasset" 357
"../../../Engine/Content/EngineMaterials/DefaultLightFunctionMaterial.uexp" 358
"../../../Engine/Content/EngineMaterials/DefaultDestructiblePhysicalMaterial.uasset" 359
"../../../Engine/Content/EngineMaterials/DefaultDestructiblePhysicalMaterial.uexp" 360
"../../../Engine/Content/EngineMaterials/DefaultDeferredDecalMaterial.uasset" 361
"../../../Engine/Content/EngineMaterials/DefaultDeferredDecalMaterial.uexp" 362
"../../../Engine/Plugins/Interchange/Runtime/Content/gltf/MaterialInstances_SG/MI_Opaque_TS.uasset" 363
"../../../Engine/Plugins/Interchange/Runtime/Content/gltf/MaterialInstances_SG/MI_Opaque_TS.uexp" 364
"../../../Engine/Content/EngineMaterials/DefaultBloomKernel.uasset" 365
"../../../Engine/Content/EngineMaterials/DefaultBloomKernel.uexp" 366
"../../../Engine/Plugins/Interchange/Runtime/Content/gltf/MaterialInstances_SG/MI_Opaque_Sheen.uasset" 367
"../../../Engine/Plugins/Interchange/Runtime/Content/gltf/MaterialInstances_SG/MI_Opaque_Sheen.uexp" 368
"../../../Engine/Plugins/Interchange/Runtime/Content/gltf/MaterialInstances_SG/MI_Opaque_ClearCoat_TS.uasset" 369
"../../../Engine/Plugins/Interchange/Runtime/Content/gltf/MaterialInstances_SG/MI_Opaque_ClearCoat_TS.uexp" 370
"../../../Engine/Plugins/Interchange/Runtime/Content/gltf/MaterialInstances_MR/MI_Translucent_ClearCoat_TS.uasset" 371
"../../../Engine/Plugins/Interchange/Runtime/Content/gltf/MaterialInstances_MR/MI_Translucent_ClearCoat_TS.uexp" 372
"../../../Engine/Plugins/Interchange/Runtime/Content/gltf/MaterialInstances_SG/MI_Opaque_ClearCoat.uasset" 373
"../../../Engine/Plugins/Interchange/Runtime/Content/gltf/MaterialInstances_SG/MI_Opaque_ClearCoat.uexp" 374
"../../../Engine/Plugins/Interchange/Runtime/Content/gltf/MaterialInstances_MR/MI_Translucent_ClearCoat.uasset" 375
"../../../Engine/Plugins/Interchange/Runtime/Content/gltf/MaterialInstances_MR/MI_Translucent_ClearCoat.uexp" 376
"../../../Engine/Plugins/Interchange/Runtime/Content/gltf/MaterialInstances_SG/MI_Opaque.uasset" 377
"../../../Engine/Plugins/Interchange/Runtime/Content/gltf/MaterialInstances_SG/MI_Opaque.uexp" 378
"../../../Engine/Plugins/Interchange/Runtime/Content/gltf/MaterialInstances_MR/MI_Translucent.uasset" 379
"../../../Engine/Plugins/Interchange/Runtime/Content/gltf/MaterialInstances_MR/MI_Translucent.uexp" 380
"../../../Engine/Plugins/Interchange/Runtime/Content/gltf/MaterialFunctions/MF_Transmission.uasset" 381
"../../../Engine/Plugins/Interchange/Runtime/Content/gltf/MaterialFunctions/MF_Transmission.uexp" 382
"../../../Engine/Content/Functions/Engine_MaterialFunctions02/Texturing/CustomRotator.uasset" 383
"../../../Engine/Content/Functions/Engine_MaterialFunctions02/Texturing/CustomRotator.uexp" 384
"../../../Engine/Content/Functions/Engine_MaterialFunctions02/Texturing/ScreenAlignedPixelToPixelUVs.uasset" 385
"../../../Engine/Content/Functions/Engine_MaterialFunctions02/Texturing/ScreenAlignedPixelToPixelUVs.uexp" 386
"../../../Engine/Plugins/Interchange/Runtime/Content/Utilities/T_Bayer64_Grayscale_64px.uasset" 387
"../../../Engine/Plugins/Interchange/Runtime/Content/Utilities/T_Bayer64_Grayscale_64px.uexp" 388
"../../../Engine/Plugins/Interchange/Runtime/Content/gltf/MaterialFunctions/MF_Temporal_Blur.uasset" 389
"../../../Engine/Plugins/Interchange/Runtime/Content/gltf/MaterialFunctions/MF_Temporal_Blur.uexp" 390
"../../../Engine/Plugins/Interchange/Runtime/Content/gltf/MaterialFunctions/MF_Fresnel_DS.uasset" 391
"../../../Engine/Plugins/Interchange/Runtime/Content/gltf/MaterialFunctions/MF_Fresnel_DS.uexp" 392
"../../../Engine/Plugins/Interchange/Runtime/Content/gltf/M_Transmission.uasset" 393
"../../../Engine/Plugins/Interchange/Runtime/Content/gltf/M_Transmission.uexp" 394
"../../../Engine/Plugins/Interchange/Runtime/Content/gltf/MaterialInstances_MR/MI_Transmission_TS.uasset" 395
"../../../Engine/Plugins/Interchange/Runtime/Content/gltf/MaterialInstances_MR/MI_Transmission_TS.uexp" 396
"../../../Engine/Plugins/Interchange/Runtime/Content/gltf/M_Unlit.uasset" 397
"../../../Engine/Plugins/Interchange/Runtime/Content/gltf/M_Unlit.uexp" 398
"../../../Engine/Plugins/Interchange/Runtime/Content/gltf/MaterialInstances_MR/MI_Opaque_Unlit_TS.uasset" 399
"../../../Engine/Plugins/Interchange/Runtime/Content/gltf/MaterialInstances_MR/MI_Opaque_Unlit_TS.uexp" 400
"../../../Engine/Plugins/Interchange/Runtime/Content/gltf/MaterialInstances_MR/MI_Transmission.uasset" 401
"../../../Engine/Plugins/Interchange/Runtime/Content/gltf/MaterialInstances_MR/MI_Transmission.uexp" 402
"../../../Engine/Plugins/Interchange/Runtime/Content/gltf/MaterialInstances_MR/MI_Opaque_Unlit.uasset" 403
"../../../Engine/Plugins/Interchange/Runtime/Content/gltf/MaterialInstances_MR/MI_Opaque_Unlit.uexp" 404
"../../../Engine/Content/Functions/Engine_MaterialFunctions02/Utility/CameraDirectionVector.uasset" 405
"../../../Engine/Content/Functions/Engine_MaterialFunctions02/Utility/CameraDirectionVector.uexp" 406
"../../../Engine/Content/EngineDebugMaterials/VolumeToRender.uasset" 407
"../../../Engine/Content/EngineDebugMaterials/VolumeToRender.uexp" 408
"../../../Engine/Content/EngineDebugMaterials/M_VolumeRenderSphereTracePP.uasset" 409
"../../../Engine/Content/EngineDebugMaterials/M_VolumeRenderSphereTracePP.uexp" 410
"../../../Engine/Content/EngineDebugMaterials/M_SimpleUnlitTranslucent.uasset" 411
"../../../Engine/Content/EngineDebugMaterials/M_SimpleUnlitTranslucent.uexp" 412
"../../../Engine/Content/EngineDebugMaterials/DebugMeshMaterial.uasset" 413
"../../../Engine/Content/EngineDebugMaterials/DebugMeshMaterial.uexp" 414
"../../../Engine/Content/EngineDebugMaterials/DebugEditorMaterial.uasset" 415
"../../../Engine/Content/EngineDebugMaterials/DebugEditorMaterial.uexp" 416
"../../../Engine/Content/EngineDamageTypes/DmgTypeBP_Environmental.uasset" 417
"../../../Engine/Content/EngineDamageTypes/DmgTypeBP_Environmental.uexp" 418
"../../../Engine/Plugins/Interchange/Runtime/Content/gltf/MaterialInstances_MR/MI_Translucent_TS.uasset" 419
"../../../Engine/Plugins/Interchange/Runtime/Content/gltf/MaterialInstances_MR/MI_Translucent_TS.uexp" 420
"../../../Engine/Content/Functions/Engine_MaterialFunctions01/Shading/PowerToRoughness.uasset" 421
"../../../Engine/Content/Functions/Engine_MaterialFunctions01/Shading/PowerToRoughness.uexp" 422
"../../../Engine/Content/MobileResources/HUD/VirtualJoystick_Background.uasset" 423
"../../../Engine/Content/MobileResources/HUD/VirtualJoystick_Background.uexp" 424
"../../../Engine/Content/MobileResources/HUD/VirtualJoystick_Thumb.uasset" 425
"../../../Engine/Content/MobileResources/HUD/VirtualJoystick_Thumb.uexp" 426
"../../../Engine/Content/MobileResources/HUD/DefaultVirtualJoysticks.uasset" 427
"../../../Engine/Content/MobileResources/HUD/DefaultVirtualJoysticks.uexp" 428
"../../../Engine/Content/Tutorial/ContentIntroCurve.uasset" 429
"../../../Engine/Content/Tutorial/ContentIntroCurve.uexp" 430
"../../../Engine/Plugins/2D/Paper2D/Content/PlaceholderTextures/DummySpriteTexture.ubulk" 431
"../../../Engine/Plugins/2D/Paper2D/Content/PlaceholderTextures/DummySpriteTexture.uasset" 432
"../../../Engine/Plugins/2D/Paper2D/Content/PlaceholderTextures/DummySpriteTexture.uexp" 433
"../../../Engine/Plugins/2D/Paper2D/Content/DefaultSpriteMaterial.uasset" 434
"../../../Engine/Plugins/2D/Paper2D/Content/DefaultSpriteMaterial.uexp" 435
"../../../Engine/Plugins/2D/Paper2D/Content/OpaqueUnlitSpriteMaterial.uasset" 436
"../../../Engine/Plugins/2D/Paper2D/Content/OpaqueUnlitSpriteMaterial.uexp" 437
"../../../Engine/Plugins/2D/Paper2D/Content/MaskedUnlitSpriteMaterial.uasset" 438
"../../../Engine/Plugins/2D/Paper2D/Content/MaskedUnlitSpriteMaterial.uexp" 439
"../../../Engine/Plugins/2D/Paper2D/Content/DummySprite.uasset" 440
"../../../Engine/Plugins/2D/Paper2D/Content/DummySprite.uexp" 441
"../../../Engine/Plugins/2D/Paper2D/Content/DefaultPaperTerrainMaterial.uasset" 442
"../../../Engine/Plugins/2D/Paper2D/Content/DefaultPaperTerrainMaterial.uexp" 443
"../../../Engine/Plugins/Animation/ControlRig/Content/M_Manip.uasset" 444
"../../../Engine/Plugins/Animation/ControlRig/Content/M_Manip.uexp" 445
"../../../Engine/Plugins/Animation/ControlRig/Content/Controls/DefaultGizmoLibraryNormalized.uasset" 446
"../../../Engine/Plugins/Animation/ControlRig/Content/Controls/DefaultGizmoLibraryNormalized.uexp" 447
"../../../Engine/Plugins/Animation/ControlRig/Content/Controls/ControlRig_Wedge_solid.ubulk" 448
"../../../Engine/Plugins/Animation/ControlRig/Content/Controls/ControlRig_Wedge_solid.uasset" 449
"../../../Engine/Plugins/Animation/ControlRig/Content/Controls/ControlRig_Wedge_solid.uexp" 450
"../../../Engine/Plugins/Animation/ControlRig/Content/Controls/ControlRig_Wedge_3mm.ubulk" 451
"../../../Engine/Plugins/Animation/ControlRig/Content/Controls/ControlRig_Wedge_3mm.uasset" 452
"../../../Engine/Plugins/Animation/ControlRig/Content/Controls/ControlRig_Wedge_3mm.uexp" 453
"../../../Engine/Plugins/Animation/ControlRig/Content/Controls/ControlRig_Wedge_1mm.ubulk" 454
"../../../Engine/Plugins/Animation/ControlRig/Content/Controls/ControlRig_Wedge_1mm.uasset" 455
"../../../Engine/Plugins/Animation/ControlRig/Content/Controls/ControlRig_Wedge_1mm.uexp" 456
"../../../Engine/Plugins/Animation/ControlRig/Content/Controls/ControlRig_Triangle_solid.ubulk" 457
"../../../Engine/Plugins/Animation/ControlRig/Content/Controls/ControlRig_Triangle_solid.uasset" 458
"../../../Engine/Plugins/Animation/ControlRig/Content/Controls/ControlRig_Triangle_solid.uexp" 459
"../../../Engine/Plugins/Animation/ControlRig/Content/Controls/ControlRig_Triangle_3mm.ubulk" 460
"../../../Engine/Plugins/Animation/ControlRig/Content/Controls/ControlRig_Triangle_3mm.uasset" 461
"../../../Engine/Plugins/Animation/ControlRig/Content/Controls/ControlRig_Triangle_3mm.uexp" 462
"../../../Engine/Plugins/Animation/ControlRig/Content/Controls/ControlRig_Triangle_1mm.ubulk" 463
"../../../Engine/Plugins/Animation/ControlRig/Content/Controls/ControlRig_Triangle_1mm.uasset" 464
"../../../Engine/Plugins/Animation/ControlRig/Content/Controls/ControlRig_Triangle_1mm.uexp" 465
"../../../Engine/Plugins/Animation/ControlRig/Content/Controls/ControlRig_Star4_solid.ubulk" 466
"../../../Engine/Plugins/Animation/ControlRig/Content/Controls/ControlRig_Star4_solid.uasset" 467
"../../../Engine/Plugins/Animation/ControlRig/Content/Controls/ControlRig_Star4_solid.uexp" 468
"../../../Engine/Plugins/Animation/ControlRig/Content/Controls/ControlRig_Star4_3mm.ubulk" 469
"../../../Engine/Plugins/Animation/ControlRig/Content/Controls/ControlRig_Star4_3mm.uasset" 470
"../../../Engine/Plugins/Animation/ControlRig/Content/Controls/ControlRig_Star4_3mm.uexp" 471
"../../../Engine/Plugins/Animation/ControlRig/Content/Controls/ControlRig_Star4_1mm.ubulk" 472
"../../../Engine/Plugins/Animation/ControlRig/Content/Controls/ControlRig_Star4_1mm.uasset" 473
"../../../Engine/Plugins/Animation/ControlRig/Content/Controls/ControlRig_Star4_1mm.uexp" 474
"../../../Engine/Plugins/Animation/ControlRig/Content/Controls/ControlRig_Square_solid.ubulk" 475
"../../../Engine/Plugins/Animation/ControlRig/Content/Controls/ControlRig_Square_solid.uasset" 476
"../../../Engine/Plugins/Animation/ControlRig/Content/Controls/ControlRig_Square_solid.uexp" 477
"../../../Engine/Plugins/Animation/ControlRig/Content/Controls/ControlRig_Square_3mm.ubulk" 478
"../../../Engine/Plugins/Animation/ControlRig/Content/Controls/ControlRig_Square_3mm.uasset" 479
"../../../Engine/Plugins/Animation/ControlRig/Content/Controls/ControlRig_Square_3mm.uexp" 480
"../../../Engine/Plugins/Animation/ControlRig/Content/Controls/ControlRig_Square_1mm.ubulk" 481
"../../../Engine/Plugins/Animation/ControlRig/Content/Controls/ControlRig_Square_1mm.uasset" 482
"../../../Engine/Plugins/Animation/ControlRig/Content/Controls/ControlRig_Square_1mm.uexp" 483
"../../../Engine/Plugins/Animation/ControlRig/Content/Controls/ControlRig_Sphere_solid.ubulk" 484
"../../../Engine/Plugins/Animation/ControlRig/Content/Controls/ControlRig_Sphere_solid.uasset" 485
"../../../Engine/Plugins/Animation/ControlRig/Content/Controls/ControlRig_Sphere_solid.uexp" 486
"../../../Engine/Plugins/Animation/ControlRig/Content/Controls/ControlRig_Sphere_3mm.ubulk" 487
"../../../Engine/Plugins/Animation/ControlRig/Content/Controls/ControlRig_Sphere_3mm.uasset" 488
"../../../Engine/Plugins/Animation/ControlRig/Content/Controls/ControlRig_Sphere_3mm.uexp" 489
"../../../Engine/Plugins/Animation/ControlRig/Content/Controls/ControlRig_Sphere_1mm.ubulk" 490
"../../../Engine/Plugins/Animation/ControlRig/Content/Controls/ControlRig_Sphere_1mm.uasset" 491
"../../../Engine/Plugins/Animation/ControlRig/Content/Controls/ControlRig_Sphere_1mm.uexp" 492
"../../../Engine/Plugins/Animation/ControlRig/Content/Controls/ControlRig_RoundedTriangle_solid.ubulk" 493
"../../../Engine/Plugins/Animation/ControlRig/Content/Controls/ControlRig_RoundedTriangle_solid.uasset" 494
"../../../Engine/Plugins/Animation/ControlRig/Content/Controls/ControlRig_RoundedTriangle_solid.uexp" 495
"../../../Engine/Plugins/Animation/ControlRig/Content/Controls/ControlRig_RoundedTriangle_3mm.ubulk" 496
"../../../Engine/Plugins/Animation/ControlRig/Content/Controls/ControlRig_RoundedTriangle_3mm.uasset" 497
"../../../Engine/Plugins/Animation/ControlRig/Content/Controls/ControlRig_RoundedTriangle_3mm.uexp" 498
"../../../Engine/Plugins/Animation/ControlRig/Content/Controls/ControlRig_RoundedTriangle_1mm.ubulk" 499
"../../../Engine/Plugins/Animation/ControlRig/Content/Controls/ControlRig_RoundedTriangle_1mm.uasset" 500
"../../../Engine/Plugins/Animation/ControlRig/Content/Controls/ControlRig_RoundedTriangle_1mm.uexp" 501
"../../../Engine/Plugins/Animation/ControlRig/Content/Controls/ControlRig_RoundedSquare_solid.ubulk" 502
"../../../Engine/Plugins/Animation/ControlRig/Content/Controls/ControlRig_RoundedSquare_solid.uasset" 503
"../../../Engine/Plugins/Animation/ControlRig/Content/Controls/ControlRig_RoundedSquare_solid.uexp" 504
"../../../Engine/Plugins/Animation/ControlRig/Content/Controls/ControlRig_RoundedSquare_3mm.ubulk" 505
"../../../Engine/Plugins/Animation/ControlRig/Content/Controls/ControlRig_RoundedSquare_3mm.uasset" 506
"../../../Engine/Plugins/Animation/ControlRig/Content/Controls/ControlRig_RoundedSquare_3mm.uexp" 507
"../../../Engine/Plugins/Animation/ControlRig/Content/Controls/ControlRig_RoundedSquare_1mm.ubulk" 508
"../../../Engine/Plugins/Animation/ControlRig/Content/Controls/ControlRig_RoundedSquare_1mm.uasset" 509
"../../../Engine/Plugins/Animation/ControlRig/Content/Controls/ControlRig_RoundedSquare_1mm.uexp" 510
"../../../Engine/Plugins/Animation/ControlRig/Content/Controls/ControlRig_QuarterCircle_solid.ubulk" 511
"../../../Engine/Plugins/Animation/ControlRig/Content/Controls/ControlRig_QuarterCircle_solid.uasset" 512
"../../../Engine/Plugins/Animation/ControlRig/Content/Controls/ControlRig_QuarterCircle_solid.uexp" 513
"../../../Engine/Plugins/Animation/ControlRig/Content/Controls/ControlRig_QuarterCircle_3mm.ubulk" 514
"../../../Engine/Plugins/Animation/ControlRig/Content/Controls/ControlRig_QuarterCircle_3mm.uasset" 515
"../../../Engine/Plugins/Animation/ControlRig/Content/Controls/ControlRig_QuarterCircle_3mm.uexp" 516
"../../../Engine/Plugins/Animation/ControlRig/Content/Controls/ControlRig_QuarterCircle_1mm.ubulk" 517
"../../../Engine/Plugins/Animation/ControlRig/Content/Controls/ControlRig_QuarterCircle_1mm.uasset" 518
"../../../Engine/Plugins/Animation/ControlRig/Content/Controls/ControlRig_QuarterCircle_1mm.uexp" 519
"../../../Engine/Plugins/Animation/ControlRig/Content/Controls/ControlRig_Pyramid_solid.ubulk" 520
"../../../Engine/Plugins/Animation/ControlRig/Content/Controls/ControlRig_Pyramid_solid.uasset" 521
"../../../Engine/Plugins/Animation/ControlRig/Content/Controls/ControlRig_Pyramid_solid.uexp" 522
"../../../Engine/Plugins/Animation/ControlRig/Content/Controls/ControlRig_Pyramid_3mm.ubulk" 523
"../../../Engine/Plugins/Animation/ControlRig/Content/Controls/ControlRig_Pyramid_3mm.uasset" 524
"../../../Engine/Plugins/Animation/ControlRig/Content/Controls/ControlRig_Pyramid_3mm.uexp" 525
"../../../Engine/Plugins/Animation/ControlRig/Content/Controls/ControlRig_Pyramid_1mm.ubulk" 526
"../../../Engine/Plugins/Animation/ControlRig/Content/Controls/ControlRig_Pyramid_1mm.uasset" 527
"../../../Engine/Plugins/Animation/ControlRig/Content/Controls/ControlRig_Pyramid_1mm.uexp" 528
"../../../Engine/Plugins/Animation/ControlRig/Content/Controls/ControlRig_Octagon_solid.ubulk" 529
"../../../Engine/Plugins/Animation/ControlRig/Content/Controls/ControlRig_Octagon_solid.uasset" 530
"../../../Engine/Plugins/Animation/ControlRig/Content/Controls/ControlRig_Octagon_solid.uexp" 531
"../../../Engine/Plugins/Animation/ControlRig/Content/Controls/ControlRig_Octagon_3mm.ubulk" 532
"../../../Engine/Plugins/Animation/ControlRig/Content/Controls/ControlRig_Octagon_3mm.uasset" 533
"../../../Engine/Plugins/Animation/ControlRig/Content/Controls/ControlRig_Octagon_3mm.uexp" 534
"../../../Engine/Plugins/Animation/ControlRig/Content/Controls/ControlRig_Octagon_1mm.ubulk" 535
"../../../Engine/Plugins/Animation/ControlRig/Content/Controls/ControlRig_Octagon_1mm.uasset" 536
"../../../Engine/Plugins/Animation/ControlRig/Content/Controls/ControlRig_Octagon_1mm.uexp" 537
"../../../Engine/Plugins/Animation/ControlRig/Content/Controls/ControlRig_Hexagon_solid.ubulk" 538
"../../../Engine/Plugins/Animation/ControlRig/Content/Controls/ControlRig_Hexagon_solid.uasset" 539
"../../../Engine/Plugins/Animation/ControlRig/Content/Controls/ControlRig_Hexagon_solid.uexp" 540
"../../../Engine/Plugins/Animation/ControlRig/Content/Controls/ControlRig_Hexagon_3mm.ubulk" 541
"../../../Engine/Plugins/Animation/ControlRig/Content/Controls/ControlRig_Hexagon_3mm.uasset" 542
"../../../Engine/Plugins/Animation/ControlRig/Content/Controls/ControlRig_Hexagon_3mm.uexp" 543
"../../../Engine/Plugins/Animation/ControlRig/Content/Controls/ControlRig_Hexagon_1mm.ubulk" 544
"../../../Engine/Plugins/Animation/ControlRig/Content/Controls/ControlRig_Hexagon_1mm.uasset" 545
"../../../Engine/Plugins/Animation/ControlRig/Content/Controls/ControlRig_Hexagon_1mm.uexp" 546
"../../../Engine/Plugins/Animation/ControlRig/Content/Controls/ControlRig_HalfCircle_solid.ubulk" 547
"../../../Engine/Plugins/Animation/ControlRig/Content/Controls/ControlRig_HalfCircle_solid.uasset" 548
"../../../Engine/Plugins/Animation/ControlRig/Content/Controls/ControlRig_HalfCircle_solid.uexp" 549
"../../../Engine/Plugins/Animation/ControlRig/Content/Controls/ControlRig_HalfCircle_3mm.ubulk" 550
"../../../Engine/Plugins/Animation/ControlRig/Content/Controls/ControlRig_HalfCircle_3mm.uasset" 551
"../../../Engine/Plugins/Animation/ControlRig/Content/Controls/ControlRig_HalfCircle_3mm.uexp" 552
"../../../Engine/Plugins/Animation/ControlRig/Content/Controls/ControlRig_HalfCircle_1mm.ubulk" 553
"../../../Engine/Plugins/Animation/ControlRig/Content/Controls/ControlRig_HalfCircle_1mm.uasset" 554
"../../../Engine/Plugins/Animation/ControlRig/Content/Controls/ControlRig_HalfCircle_1mm.uexp" 555
"../../../Engine/Plugins/Animation/ControlRig/Content/Controls/ControlRig_Diamond_solid.ubulk" 556
"../../../Engine/Plugins/Animation/ControlRig/Content/Controls/ControlRig_Diamond_solid.uasset" 557
"../../../Engine/Plugins/Animation/ControlRig/Content/Controls/ControlRig_Diamond_solid.uexp" 558
"../../../Engine/Plugins/Animation/ControlRig/Content/Controls/ControlRig_Diamond_3mm.ubulk" 559
"../../../Engine/Plugins/Animation/ControlRig/Content/Controls/ControlRig_Diamond_3mm.uasset" 560
"../../../Engine/Plugins/Animation/ControlRig/Content/Controls/ControlRig_Diamond_3mm.uexp" 561
"../../../Engine/Plugins/Animation/ControlRig/Content/Controls/ControlRig_Diamond_1mm.ubulk" 562
"../../../Engine/Plugins/Animation/ControlRig/Content/Controls/ControlRig_Diamond_1mm.uasset" 563
"../../../Engine/Plugins/Animation/ControlRig/Content/Controls/ControlRig_Diamond_1mm.uexp" 564
"../../../Engine/Plugins/Animation/ControlRig/Content/Controls/ControlRig_Circle_solid.ubulk" 565
"../../../Engine/Plugins/Animation/ControlRig/Content/Controls/ControlRig_Circle_solid.uasset" 566
"../../../Engine/Plugins/Animation/ControlRig/Content/Controls/ControlRig_Circle_solid.uexp" 567
"../../../Engine/Plugins/Animation/ControlRig/Content/Controls/ControlRig_Circle_3mm.ubulk" 568
"../../../Engine/Plugins/Animation/ControlRig/Content/Controls/ControlRig_Circle_3mm.uasset" 569
"../../../Engine/Plugins/Animation/ControlRig/Content/Controls/ControlRig_Circle_3mm.uexp" 570
"../../../Engine/Plugins/Animation/ControlRig/Content/Controls/ControlRig_Circle_1mm.ubulk" 571
"../../../Engine/Plugins/Animation/ControlRig/Content/Controls/ControlRig_Circle_1mm.uasset" 572
"../../../Engine/Plugins/Animation/ControlRig/Content/Controls/ControlRig_Circle_1mm.uexp" 573
"../../../Engine/Plugins/Animation/ControlRig/Content/Controls/ControlRig_Box_solid.ubulk" 574
"../../../Engine/Plugins/Animation/ControlRig/Content/Controls/ControlRig_Box_solid.uasset" 575
"../../../Engine/Plugins/Animation/ControlRig/Content/Controls/ControlRig_Box_solid.uexp" 576
"../../../Engine/Plugins/Animation/ControlRig/Content/Controls/ControlRig_Box_3mm.ubulk" 577
"../../../Engine/Plugins/Animation/ControlRig/Content/Controls/ControlRig_Box_3mm.uasset" 578
"../../../Engine/Plugins/Animation/ControlRig/Content/Controls/ControlRig_Box_3mm.uexp" 579
"../../../Engine/Plugins/Animation/ControlRig/Content/Controls/ControlRig_Box_1mm.ubulk" 580
"../../../Engine/Plugins/Animation/ControlRig/Content/Controls/ControlRig_Box_1mm.uasset" 581
"../../../Engine/Plugins/Animation/ControlRig/Content/Controls/ControlRig_Box_1mm.uexp" 582
"../../../Engine/Plugins/Animation/ControlRig/Content/Controls/ControlRig_Arrow_solid.ubulk" 583
"../../../Engine/Plugins/Animation/ControlRig/Content/Controls/ControlRig_Arrow_solid.uasset" 584
"../../../Engine/Plugins/Animation/ControlRig/Content/Controls/ControlRig_Arrow_solid.uexp" 585
"../../../Engine/Plugins/Animation/ControlRig/Content/Controls/ControlRig_Arrow_3mm.ubulk" 586
"../../../Engine/Plugins/Animation/ControlRig/Content/Controls/ControlRig_Arrow_3mm.uasset" 587
"../../../Engine/Plugins/Animation/ControlRig/Content/Controls/ControlRig_Arrow_3mm.uexp" 588
"../../../Engine/Plugins/Animation/ControlRig/Content/Controls/ControlRig_Arrow_1mm.ubulk" 589
"../../../Engine/Plugins/Animation/ControlRig/Content/Controls/ControlRig_Arrow_1mm.uasset" 590
"../../../Engine/Plugins/Animation/ControlRig/Content/Controls/ControlRig_Arrow_1mm.uexp" 591
"../../../Engine/Plugins/Animation/ControlRig/Content/Controls/ControlRig_Arrow4_solid.ubulk" 592
"../../../Engine/Plugins/Animation/ControlRig/Content/Controls/ControlRig_Arrow4_solid.uasset" 593
"../../../Engine/Plugins/Animation/ControlRig/Content/Controls/ControlRig_Arrow4_solid.uexp" 594
"../../../Engine/Plugins/Animation/ControlRig/Content/Controls/ControlRig_Arrow4_3mm.ubulk" 595
"../../../Engine/Plugins/Animation/ControlRig/Content/Controls/ControlRig_Arrow4_3mm.uasset" 596
"../../../Engine/Plugins/Animation/ControlRig/Content/Controls/ControlRig_Arrow4_3mm.uexp" 597
"../../../Engine/Plugins/Animation/ControlRig/Content/Controls/ControlRig_Arrow4_1mm.ubulk" 598
"../../../Engine/Plugins/Animation/ControlRig/Content/Controls/ControlRig_Arrow4_1mm.uasset" 599
"../../../Engine/Plugins/Animation/ControlRig/Content/Controls/ControlRig_Arrow4_1mm.uexp" 600
"../../../Engine/Plugins/Animation/ControlRig/Content/Controls/ControlRig_Arrow2_solid.ubulk" 601
"../../../Engine/Plugins/Animation/ControlRig/Content/Controls/ControlRig_Arrow2_solid.uasset" 602
"../../../Engine/Plugins/Animation/ControlRig/Content/Controls/ControlRig_Arrow2_solid.uexp" 603
"../../../Engine/Plugins/Animation/ControlRig/Content/Controls/ControlRig_Arrow2_3mm.ubulk" 604
"../../../Engine/Plugins/Animation/ControlRig/Content/Controls/ControlRig_Arrow2_3mm.uasset" 605
"../../../Engine/Plugins/Animation/ControlRig/Content/Controls/ControlRig_Arrow2_3mm.uexp" 606
"../../../Engine/Plugins/Animation/ControlRig/Content/Controls/ControlRig_Arrow2_1mm.ubulk" 607
"../../../Engine/Plugins/Animation/ControlRig/Content/Controls/ControlRig_Arrow2_1mm.uasset" 608
"../../../Engine/Plugins/Animation/ControlRig/Content/Controls/ControlRig_Arrow2_1mm.uexp" 609
"../../../Engine/Plugins/Animation/ControlRig/Content/Controls/ControlRigXRayMaterial.uasset" 610
"../../../Engine/Plugins/Animation/ControlRig/Content/Controls/ControlRigXRayMaterial.uexp" 611
"../../../Engine/Plugins/Animation/ControlRig/Content/Controls/ControlRigGizmoMaterial.uasset" 612
"../../../Engine/Plugins/Animation/ControlRig/Content/Controls/ControlRigGizmoMaterial.uexp" 613
"../../../Engine/Plugins/Editor/SpeedTreeImporter/Content/SpeedTree9/game_wind_noise.ubulk" 614
"../../../Engine/Plugins/Editor/SpeedTreeImporter/Content/SpeedTree9/game_wind_noise.uasset" 615
"../../../Engine/Plugins/Editor/SpeedTreeImporter/Content/SpeedTree9/game_wind_noise.uexp" 616
"../../../Engine/Plugins/Editor/SpeedTreeImporter/Content/SpeedTree9/UnpackDirection.uasset" 617
"../../../Engine/Plugins/Editor/SpeedTreeImporter/Content/SpeedTree9/UnpackDirection.uexp" 618
"../../../Engine/Content/Functions/Engine_MaterialFunctions02/ObjectLocalBounds.uasset" 619
"../../../Engine/Content/Functions/Engine_MaterialFunctions02/ObjectLocalBounds.uexp" 620
"../../../Engine/Content/Functions/Engine_MaterialFunctions02/UVs/BoundingBoxBased_0-1_UVW.uasset" 621
"../../../Engine/Content/Functions/Engine_MaterialFunctions02/UVs/BoundingBoxBased_0-1_UVW.uexp" 622
"../../../Engine/Content/Functions/Engine_MaterialFunctions02/Utility/VectorLength.uasset" 623
"../../../Engine/Content/Functions/Engine_MaterialFunctions02/Utility/VectorLength.uexp" 624
"../../../Engine/Plugins/Editor/SpeedTreeImporter/Content/SpeedTree9/UnpackInteger3.uasset" 625
"../../../Engine/Plugins/Editor/SpeedTreeImporter/Content/SpeedTree9/UnpackInteger3.uexp" 626
"../../../Engine/Plugins/Editor/SpeedTreeImporter/Content/SpeedTree9/SpeedTreeCameraFacing.uasset" 627
"../../../Engine/Plugins/Editor/SpeedTreeImporter/Content/SpeedTree9/SpeedTreeCameraFacing.uexp" 628
"../../../Engine/Content/Functions/Engine_MaterialFunctions02/WorldPositionOffset/ObjectScale.uasset" 629
"../../../Engine/Content/Functions/Engine_MaterialFunctions02/WorldPositionOffset/ObjectScale.uexp" 630
"../../../Engine/Content/Functions/Engine_MaterialFunctions02/SafeNormalize.uasset" 631
"../../../Engine/Content/Functions/Engine_MaterialFunctions02/SafeNormalize.uexp" 632
"../../../Engine/Plugins/Editor/SpeedTreeImporter/Content/SpeedTree9/SpeedTreeWindMotion.uasset" 633
"../../../Engine/Plugins/Editor/SpeedTreeImporter/Content/SpeedTree9/SpeedTreeWindMotion.uexp" 634
"../../../Engine/Plugins/Editor/SpeedTreeImporter/Content/SpeedTree9/SpeedTreeBranchMotion.uasset" 635
"../../../Engine/Plugins/Editor/SpeedTreeImporter/Content/SpeedTree9/SpeedTreeBranchMotion.uexp" 636
"../../../Engine/Plugins/Editor/SpeedTreeImporter/Content/SpeedTree9/SpeedTreeWind.uasset" 637
"../../../Engine/Plugins/Editor/SpeedTreeImporter/Content/SpeedTree9/SpeedTreeWind.uexp" 638
"../../../Engine/Plugins/Editor/SpeedTreeImporter/Content/SpeedTree9/EmptyNormal.uasset" 639
"../../../Engine/Plugins/Editor/SpeedTreeImporter/Content/SpeedTree9/EmptyNormal.uexp" 640
"../../../Engine/Plugins/Editor/SpeedTreeImporter/Content/SpeedTree9/Empty.uasset" 641
"../../../Engine/Plugins/Editor/SpeedTreeImporter/Content/SpeedTree9/Empty.uexp" 642
"../../../Engine/Plugins/Editor/SpeedTreeImporter/Content/SpeedTree9/SpeedTreeMaster.uasset" 643
"../../../Engine/Plugins/Editor/SpeedTreeImporter/Content/SpeedTree9/SpeedTreeMaster.uexp" 644
"../../../Engine/Plugins/Editor/SpeedTreeImporter/Content/SpeedTree9/SpeedTreeBillboard.uasset" 645
"../../../Engine/Plugins/Editor/SpeedTreeImporter/Content/SpeedTree9/SpeedTreeBillboard.uexp" 646
"../../../Engine/Plugins/Editor/SpeedTreeImporter/Content/SpeedTree9/SpeedTreeBillboardMaster.uasset" 647
"../../../Engine/Plugins/Editor/SpeedTreeImporter/Content/SpeedTree9/SpeedTreeBillboardMaster.uexp" 648
"../../../Engine/Plugins/Interchange/Runtime/Content/gltf/MaterialInstances_MR/MI_Opaque.uasset" 649
"../../../Engine/Plugins/Interchange/Runtime/Content/gltf/MaterialInstances_MR/MI_Opaque.uexp" 650
"../../../Engine/Plugins/Interchange/Runtime/Content/gltf/MaterialInstances_MR/MI_Opaque_ClearCoat_TS.uasset" 651
"../../../Engine/Plugins/Interchange/Runtime/Content/gltf/MaterialInstances_MR/MI_Opaque_ClearCoat_TS.uexp" 652
"../../../Engine/Plugins/Interchange/Runtime/Content/gltf/MaterialInstances_MR/MI_Opaque_ClearCoat.uasset" 653
"../../../Engine/Plugins/Interchange/Runtime/Content/gltf/MaterialInstances_MR/MI_Opaque_ClearCoat.uexp" 654
"../../../Engine/Plugins/Experimental/CommonUI/Content/DefaultMediaTexture.uasset" 655
"../../../Engine/Plugins/Experimental/CommonUI/Content/DefaultMediaTexture.uexp" 656
"../../../Engine/Plugins/Experimental/CommonUI/Content/VideoPlayerMaterial.uasset" 657
"../../../Engine/Plugins/Experimental/CommonUI/Content/VideoPlayerMaterial.uexp" 658
"../../../Engine/Content/Functions/Engine_MaterialFunctions02/WorldPositionOffset/V2/ObjectScale.uasset" 659
"../../../Engine/Content/Functions/Engine_MaterialFunctions02/WorldPositionOffset/V2/ObjectScale.uexp" 660
"../../../Engine/Plugins/Interchange/Runtime/Content/gltf/MaterialFunctions/MF_TransmissionOpacity.uasset" 661
"../../../Engine/Plugins/Interchange/Runtime/Content/gltf/MaterialFunctions/MF_TransmissionOpacity.uexp" 662
"../../../Engine/Plugins/Interchange/Runtime/Content/Functions/MX_Transmission.uasset" 663
"../../../Engine/Plugins/Interchange/Runtime/Content/Functions/MX_Transmission.uexp" 664
"../../../Engine/Plugins/Interchange/Runtime/Content/Functions/MF_OrenNayerView.uasset" 665
"../../../Engine/Plugins/Interchange/Runtime/Content/Functions/MF_OrenNayerView.uexp" 666
"../../../Engine/Plugins/Interchange/Runtime/Content/Functions/MF_SchlickApprox.uasset" 667
"../../../Engine/Plugins/Interchange/Runtime/Content/Functions/MF_SchlickApprox.uexp" 668
"../../../Engine/Plugins/Interchange/Runtime/Content/Utilities/New_LUT.uasset" 669
"../../../Engine/Plugins/Interchange/Runtime/Content/Utilities/New_LUT.uexp" 670
"../../../Engine/Content/Functions/Engine_MaterialFunctions03/Math/RemapValueRange.uasset" 671
"../../../Engine/Content/Functions/Engine_MaterialFunctions03/Math/RemapValueRange.uexp" 672
"../../../Engine/Plugins/Interchange/Runtime/Content/Functions/MF_Iridescence.uasset" 673
"../../../Engine/Plugins/Interchange/Runtime/Content/Functions/MF_Iridescence.uexp" 674
"../../../Engine/Plugins/Interchange/Runtime/Content/Functions/MX_StandardSurface.uasset" 675
"../../../Engine/Plugins/Interchange/Runtime/Content/Functions/MX_StandardSurface.uexp" 676
"../../../Engine/Plugins/Interchange/Runtime/Content/Functions/MX_TransmissionSurface.uasset" 677
"../../../Engine/Plugins/Interchange/Runtime/Content/Functions/MX_TransmissionSurface.uexp" 678
"../../../Engine/Plugins/Interchange/Runtime/Content/gltf/MaterialInstances_MR/MI_Opaque_Sheen.uasset" 679
"../../../Engine/Plugins/Interchange/Runtime/Content/gltf/MaterialInstances_MR/MI_Opaque_Sheen.uexp" 680
"../../../Engine/Plugins/Interchange/Runtime/Content/Pipelines/DefaultTexturePipeline.uasset" 681
"../../../Engine/Plugins/Interchange/Runtime/Content/Pipelines/DefaultTexturePipeline.uexp" 682
"../../../Engine/Plugins/Interchange/Runtime/Content/Pipelines/DefaultSceneLevelPipeline.uasset" 683
"../../../Engine/Plugins/Interchange/Runtime/Content/Pipelines/DefaultSceneLevelPipeline.uexp" 684
"../../../Engine/Plugins/Runtime/MeshModelingToolset/Content/Materials/M_DynamicMeshComponentVtxColor.uasset" 685
"../../../Engine/Plugins/Runtime/MeshModelingToolset/Content/Materials/M_DynamicMeshComponentVtxColor.uexp" 686
"../../../Engine/Content/Functions/Engine_MaterialFunctions02/WorldPositionOffset/ObjectPivotPoint.uasset" 687
"../../../Engine/Content/Functions/Engine_MaterialFunctions02/WorldPositionOffset/ObjectPivotPoint.uexp" 688
"../../../Engine/Plugins/Runtime/HDRIBackdrop/Content/Materials/HDRI_Attributes.uasset" 689
"../../../Engine/Plugins/Runtime/HDRIBackdrop/Content/Materials/HDRI_Attributes.uexp" 690
"../../../Engine/Plugins/Runtime/HDRIBackdrop/Content/Materials/HDRI_Projection.uasset" 691
"../../../Engine/Plugins/Runtime/HDRIBackdrop/Content/Materials/HDRI_Projection.uexp" 692
"../../../Engine/Plugins/Runtime/HDRIBackdrop/Content/Materials/MI_HDRI_CenterProjection.uasset" 693
"../../../Engine/Plugins/Runtime/HDRIBackdrop/Content/Materials/MI_HDRI_CenterProjection.uexp" 694
"../../../Engine/Plugins/Runtime/HDRIBackdrop/Content/Textures/approaching_storm_4k.uasset" 695
"../../../Engine/Plugins/Runtime/HDRIBackdrop/Content/Textures/approaching_storm_4k.uexp" 696
"../../../Engine/Plugins/Runtime/HDRIBackdrop/Content/Materials/MI_HDRI_CameraProjection.uasset" 697
"../../../Engine/Plugins/Runtime/HDRIBackdrop/Content/Materials/MI_HDRI_CameraProjection.uexp" 698
"../../../Engine/Plugins/Runtime/HDRIBackdrop/Content/Meshes/EnviroDome.ubulk" 699
"../../../Engine/Plugins/Runtime/HDRIBackdrop/Content/Meshes/EnviroDome.uasset" 700
"../../../Engine/Plugins/Runtime/HDRIBackdrop/Content/Meshes/EnviroDome.uexp" 701
"../../../Engine/Plugins/Runtime/HDRIBackdrop/Content/Blueprints/HDRIBackdrop.uasset" 702
"../../../Engine/Plugins/Runtime/HDRIBackdrop/Content/Blueprints/HDRIBackdrop.uexp" 703
"D:/Unreal Projects/DribbleHero_Sample/Content/StarterContent/Audio/Starter_Wind06.ubulk" 704
"D:/Unreal Projects/DribbleHero_Sample/Content/StarterContent/Audio/Starter_Wind06.uasset" 705
"D:/Unreal Projects/DribbleHero_Sample/Content/StarterContent/Audio/Starter_Wind06.uexp" 706
"D:/Unreal Projects/DribbleHero_Sample/Content/StarterContent/Audio/Starter_Wind05.ubulk" 707
"D:/Unreal Projects/DribbleHero_Sample/Content/StarterContent/Audio/Starter_Wind05.uasset" 708
"D:/Unreal Projects/DribbleHero_Sample/Content/StarterContent/Audio/Starter_Wind05.uexp" 709
"D:/Unreal Projects/DribbleHero_Sample/Content/StarterContent/Audio/Starter_Birds01.ubulk" 710
"D:/Unreal Projects/DribbleHero_Sample/Content/StarterContent/Audio/Starter_Birds01.uasset" 711
"D:/Unreal Projects/DribbleHero_Sample/Content/StarterContent/Audio/Starter_Birds01.uexp" 712
"../../../Engine/Plugins/Interchange/Runtime/Content/Pipelines/DefaultSceneAssetsPipeline.uasset" 713
"../../../Engine/Plugins/Interchange/Runtime/Content/Pipelines/DefaultSceneAssetsPipeline.uexp" 714
"../../../Engine/Plugins/Interchange/Runtime/Content/Pipelines/DefaultMaterialPipeline.uasset" 715
"../../../Engine/Plugins/Interchange/Runtime/Content/Pipelines/DefaultMaterialPipeline.uexp" 716
"../../../Engine/Plugins/Interchange/Runtime/Content/Pipelines/DefaultAssetsPipeline.uasset" 717
"../../../Engine/Plugins/Interchange/Runtime/Content/Pipelines/DefaultAssetsPipeline.uexp" 718
"../../../Engine/Plugins/Interchange/Runtime/Content/Materials/UnlitMaterial.uasset" 719
"../../../Engine/Plugins/Interchange/Runtime/Content/Materials/UnlitMaterial.uexp" 720
"../../../Engine/Content/EngineMaterials/DefaultNormal.ubulk" 721
"../../../Engine/Content/EngineMaterials/DefaultNormal.uasset" 722
"../../../Engine/Content/EngineMaterials/DefaultNormal.uexp" 723
"../../../Engine/Plugins/Interchange/Runtime/Content/Materials/MapOrScalarFunction.uasset" 724
"../../../Engine/Plugins/Interchange/Runtime/Content/Materials/MapOrScalarFunction.uexp" 725
"../../../Engine/Plugins/Interchange/Runtime/Content/Materials/MapOrLinearColorFunction.uasset" 726
"../../../Engine/Plugins/Interchange/Runtime/Content/Materials/MapOrLinearColorFunction.uexp" 727
"../../../Engine/Plugins/Interchange/Runtime/Content/Materials/MapOrColorFunction.uasset" 728
"../../../Engine/Plugins/Interchange/Runtime/Content/Materials/MapOrColorFunction.uexp" 729
"../../../Engine/Content/EngineMaterials/BaseFlattenLinearColor.uasset" 730
"../../../Engine/Content/EngineMaterials/BaseFlattenLinearColor.uexp" 731
"../../../Engine/Plugins/Interchange/Runtime/Content/Materials/CommonMaterial.uasset" 732
"../../../Engine/Plugins/Interchange/Runtime/Content/Materials/CommonMaterial.uexp" 733
"../../../Engine/Plugins/Interchange/Runtime/Content/Materials/PBRSurfaceFunction.uasset" 734
"../../../Engine/Plugins/Interchange/Runtime/Content/Materials/PBRSurfaceFunction.uexp" 735
"../../../Engine/Plugins/Interchange/Runtime/Content/Materials/ThinTranslucentMaterial.uasset" 736
"../../../Engine/Plugins/Interchange/Runtime/Content/Materials/ThinTranslucentMaterial.uexp" 737
"../../../Engine/Plugins/Interchange/Runtime/Content/Materials/SubsurfaceMaterial.uasset" 738
"../../../Engine/Plugins/Interchange/Runtime/Content/Materials/SubsurfaceMaterial.uexp" 739
"../../../Engine/Plugins/Interchange/Runtime/Content/Materials/SheenMaterial.uasset" 740
"../../../Engine/Plugins/Interchange/Runtime/Content/Materials/SheenMaterial.uexp" 741
"../../../Engine/Content/Functions/Engine_MaterialFunctions01/Shading/ConvertFromDiffSpec.uasset" 742
"../../../Engine/Content/Functions/Engine_MaterialFunctions01/Shading/ConvertFromDiffSpec.uexp" 743
"../../../Engine/Plugins/Interchange/Runtime/Content/Materials/PhongSurfaceMaterial.uasset" 744
"../../../Engine/Plugins/Interchange/Runtime/Content/Materials/PhongSurfaceMaterial.uexp" 745
"../../../Engine/Plugins/Interchange/Runtime/Content/Materials/PBRSurfaceMaterial.uasset" 746
"../../../Engine/Plugins/Interchange/Runtime/Content/Materials/PBRSurfaceMaterial.uexp" 747
"../../../Engine/Content/EngineMaterials/FlatNormal.uasset" 748
"../../../Engine/Content/EngineMaterials/FlatNormal.uexp" 749
"../../../Engine/Content/EditorLandscapeResources/WhiteSquareTexture.uasset" 750
"../../../Engine/Content/EditorLandscapeResources/WhiteSquareTexture.uexp" 751
"../../../Engine/Plugins/Interchange/Runtime/Content/Materials/OrenNayerMaterial.uasset" 752
"../../../Engine/Plugins/Interchange/Runtime/Content/Materials/OrenNayerMaterial.uexp" 753
"../../../Engine/Plugins/Interchange/Runtime/Content/Materials/LambertSurfaceMaterial.uasset" 754
"../../../Engine/Plugins/Interchange/Runtime/Content/Materials/LambertSurfaceMaterial.uexp" 755
"../../../Engine/Plugins/Interchange/Runtime/Content/Materials/ClearCoatMaterial.uasset" 756
"../../../Engine/Plugins/Interchange/Runtime/Content/Materials/ClearCoatMaterial.uexp" 757
"../../../Engine/Plugins/Interchange/Runtime/Content/gltf/Textures/T_Gray_Linear.uasset" 758
"../../../Engine/Plugins/Interchange/Runtime/Content/gltf/Textures/T_Gray_Linear.uexp" 759
"../../../Engine/Plugins/Interchange/Runtime/Content/gltf/Textures/T_Black_srgb.uasset" 760
"../../../Engine/Plugins/Interchange/Runtime/Content/gltf/Textures/T_Black_srgb.uexp" 761
"../../../Engine/Plugins/Interchange/Runtime/Content/gltf/MaterialInstances_SG/MI_Transmission_TS.uasset" 762
"../../../Engine/Plugins/Interchange/Runtime/Content/gltf/MaterialInstances_SG/MI_Transmission_TS.uexp" 763
"../../../Engine/Plugins/Interchange/Runtime/Content/gltf/MaterialInstances_SG/MI_Transmission.uasset" 764
"../../../Engine/Plugins/Interchange/Runtime/Content/gltf/MaterialInstances_SG/MI_Transmission.uexp" 765
"../../../Engine/Content/Maps/Entry_BuiltData.uasset" 766
"../../../Engine/Content/Maps/Entry_BuiltData.uexp" 767
"../../../Engine/Content/Maps/Entry.uexp" 768
"../../../Engine/Content/Maps/Entry.umap" 769
"D:/Unreal Projects/DribbleHero_Sample/Content/ControlRig/Characters/Mannequins/Rigs/PA_Mannequin.uasset" 770
"D:/Unreal Projects/DribbleHero_Sample/Content/ControlRig/Characters/Mannequins/Rigs/PA_Mannequin.uexp" 771
"D:/Unreal Projects/DribbleHero_Sample/Content/ControlRig/Characters/Mannequins/Materials/Functions/ChromaticCurve.uasset" 772
"D:/Unreal Projects/DribbleHero_Sample/Content/ControlRig/Characters/Mannequins/Materials/Functions/ChromaticCurve.uexp" 773
"D:/Unreal Projects/DribbleHero_Sample/Content/ControlRig/Characters/Mannequins/Materials/Functions/CA_Mannequin.uasset" 774
"D:/Unreal Projects/DribbleHero_Sample/Content/ControlRig/Characters/Mannequins/Materials/Functions/CA_Mannequin.uexp" 775
"D:/Unreal Projects/DribbleHero_Sample/Content/ControlRig/Characters/Mannequins/Materials/Functions/MF_Diffraction.uasset" 776
"D:/Unreal Projects/DribbleHero_Sample/Content/ControlRig/Characters/Mannequins/Materials/Functions/MF_Diffraction.uexp" 777
"D:/Unreal Projects/DribbleHero_Sample/Content/ControlRig/Characters/Mannequins/Textures/Manny/T_Manny_01_Tan.ubulk" 778
"D:/Unreal Projects/DribbleHero_Sample/Content/ControlRig/Characters/Mannequins/Textures/Manny/T_Manny_01_Tan.uasset" 779
"D:/Unreal Projects/DribbleHero_Sample/Content/ControlRig/Characters/Mannequins/Textures/Manny/T_Manny_01_Tan.uexp" 780
"../../../Engine/Content/Functions/Engine_MaterialFunctions01/Texturing/ScaleUVsByCenter.uasset" 781
"../../../Engine/Content/Functions/Engine_MaterialFunctions01/Texturing/ScaleUVsByCenter.uexp" 782
"D:/Unreal Projects/DribbleHero_Sample/Content/ControlRig/Characters/Mannequins/Textures/Shared/T_UE_Logo_M.uasset" 783
"D:/Unreal Projects/DribbleHero_Sample/Content/ControlRig/Characters/Mannequins/Textures/Shared/T_UE_Logo_M.uexp" 784
"D:/Unreal Projects/DribbleHero_Sample/Content/ControlRig/Characters/Mannequins/Materials/Functions/MF_logo3layers.uasset" 785
"D:/Unreal Projects/DribbleHero_Sample/Content/ControlRig/Characters/Mannequins/Materials/Functions/MF_logo3layers.uexp" 786
"D:/Unreal Projects/DribbleHero_Sample/Content/ControlRig/Characters/Mannequins/Textures/Manny/T_Manny_01_N.ubulk" 787
"D:/Unreal Projects/DribbleHero_Sample/Content/ControlRig/Characters/Mannequins/Textures/Manny/T_Manny_01_N.uasset" 788
"D:/Unreal Projects/DribbleHero_Sample/Content/ControlRig/Characters/Mannequins/Textures/Manny/T_Manny_01_N.uexp" 789
"D:/Unreal Projects/DribbleHero_Sample/Content/ControlRig/Characters/Mannequins/Textures/Manny/T_Manny_01_MSR_MSK.ubulk" 790
"D:/Unreal Projects/DribbleHero_Sample/Content/ControlRig/Characters/Mannequins/Textures/Manny/T_Manny_01_MSR_MSK.uasset" 791
"D:/Unreal Projects/DribbleHero_Sample/Content/ControlRig/Characters/Mannequins/Textures/Manny/T_Manny_01_MSR_MSK.uexp" 792
"D:/Unreal Projects/DribbleHero_Sample/Content/ControlRig/Characters/Mannequins/Textures/Manny/T_Manny_01_ASAOPMASK_MSK.ubulk" 793
"D:/Unreal Projects/DribbleHero_Sample/Content/ControlRig/Characters/Mannequins/Textures/Manny/T_Manny_01_ASAOPMASK_MSK.uasset" 794
"D:/Unreal Projects/DribbleHero_Sample/Content/ControlRig/Characters/Mannequins/Textures/Manny/T_Manny_01_ASAOPMASK_MSK.uexp" 795
"D:/Unreal Projects/DribbleHero_Sample/Content/ControlRig/Characters/Mannequins/Textures/Manny/T_Manny_01_CCRCCPlastic_MSK.ubulk" 796
"D:/Unreal Projects/DribbleHero_Sample/Content/ControlRig/Characters/Mannequins/Textures/Manny/T_Manny_01_CCRCCPlastic_MSK.uasset" 797
"D:/Unreal Projects/DribbleHero_Sample/Content/ControlRig/Characters/Mannequins/Textures/Manny/T_Manny_01_CCRCCPlastic_MSK.uexp" 798
"D:/Unreal Projects/DribbleHero_Sample/Content/ControlRig/Characters/Mannequins/Textures/Manny/T_Manny_01_BN.ubulk" 799
"D:/Unreal Projects/DribbleHero_Sample/Content/ControlRig/Characters/Mannequins/Textures/Manny/T_Manny_01_BN.uasset" 800
"D:/Unreal Projects/DribbleHero_Sample/Content/ControlRig/Characters/Mannequins/Textures/Manny/T_Manny_01_BN.uexp" 801
"D:/Unreal Projects/DribbleHero_Sample/Content/ControlRig/Characters/Mannequins/Textures/Manny/T_Manny_01_D.ubulk" 802
"D:/Unreal Projects/DribbleHero_Sample/Content/ControlRig/Characters/Mannequins/Textures/Manny/T_Manny_01_D.uasset" 803
"D:/Unreal Projects/DribbleHero_Sample/Content/ControlRig/Characters/Mannequins/Textures/Manny/T_Manny_01_D.uexp" 804
"D:/Unreal Projects/DribbleHero_Sample/Content/ControlRig/Characters/Mannequins/Materials/Functions/ML_BaseColorFallOff.uasset" 805
"D:/Unreal Projects/DribbleHero_Sample/Content/ControlRig/Characters/Mannequins/Materials/Functions/ML_BaseColorFallOff.uexp" 806
"D:/Unreal Projects/DribbleHero_Sample/Content/ControlRig/Characters/Mannequins/Materials/M_Mannequin.uasset" 807
"D:/Unreal Projects/DribbleHero_Sample/Content/ControlRig/Characters/Mannequins/Materials/M_Mannequin.uexp" 808
"D:/Unreal Projects/DribbleHero_Sample/Content/ControlRig/Characters/Mannequins/Materials/Instances/Manny/MI_Manny_01.uasset" 809
"D:/Unreal Projects/DribbleHero_Sample/Content/ControlRig/Characters/Mannequins/Materials/Instances/Manny/MI_Manny_01.uexp" 810
"D:/Unreal Projects/DribbleHero_Sample/Content/ControlRig/Characters/Mannequins/Textures/Manny/T_Manny_02_MSR_MSK.ubulk" 811
"D:/Unreal Projects/DribbleHero_Sample/Content/ControlRig/Characters/Mannequins/Textures/Manny/T_Manny_02_MSR_MSK.uasset" 812
"D:/Unreal Projects/DribbleHero_Sample/Content/ControlRig/Characters/Mannequins/Textures/Manny/T_Manny_02_MSR_MSK.uexp" 813
"D:/Unreal Projects/DribbleHero_Sample/Content/ControlRig/Characters/Mannequins/Textures/Manny/T_Manny_02_ASAOPMASK_MSK.ubulk" 814
"D:/Unreal Projects/DribbleHero_Sample/Content/ControlRig/Characters/Mannequins/Textures/Manny/T_Manny_02_ASAOPMASK_MSK.uasset" 815
"D:/Unreal Projects/DribbleHero_Sample/Content/ControlRig/Characters/Mannequins/Textures/Manny/T_Manny_02_ASAOPMASK_MSK.uexp" 816
"D:/Unreal Projects/DribbleHero_Sample/Content/ControlRig/Characters/Mannequins/Textures/Manny/T_Manny_02_BN.ubulk" 817
"D:/Unreal Projects/DribbleHero_Sample/Content/ControlRig/Characters/Mannequins/Textures/Manny/T_Manny_02_BN.uasset" 818
"D:/Unreal Projects/DribbleHero_Sample/Content/ControlRig/Characters/Mannequins/Textures/Manny/T_Manny_02_BN.uexp" 819
"D:/Unreal Projects/DribbleHero_Sample/Content/ControlRig/Characters/Mannequins/Textures/Manny/T_Manny_02_CCRCCPlastic_MSK.ubulk" 820
"D:/Unreal Projects/DribbleHero_Sample/Content/ControlRig/Characters/Mannequins/Textures/Manny/T_Manny_02_CCRCCPlastic_MSK.uasset" 821
"D:/Unreal Projects/DribbleHero_Sample/Content/ControlRig/Characters/Mannequins/Textures/Manny/T_Manny_02_CCRCCPlastic_MSK.uexp" 822
"D:/Unreal Projects/DribbleHero_Sample/Content/ControlRig/Characters/Mannequins/Textures/Manny/T_Manny_02_N.ubulk" 823
"D:/Unreal Projects/DribbleHero_Sample/Content/ControlRig/Characters/Mannequins/Textures/Manny/T_Manny_02_N.uasset" 824
"D:/Unreal Projects/DribbleHero_Sample/Content/ControlRig/Characters/Mannequins/Textures/Manny/T_Manny_02_N.uexp" 825
"D:/Unreal Projects/DribbleHero_Sample/Content/ControlRig/Characters/Mannequins/Textures/Manny/T_Manny_02_D.ubulk" 826
"D:/Unreal Projects/DribbleHero_Sample/Content/ControlRig/Characters/Mannequins/Textures/Manny/T_Manny_02_D.uasset" 827
"D:/Unreal Projects/DribbleHero_Sample/Content/ControlRig/Characters/Mannequins/Textures/Manny/T_Manny_02_D.uexp" 828
"D:/Unreal Projects/DribbleHero_Sample/Content/ControlRig/Characters/Mannequins/Textures/Manny/T_Manny_02_Tan.ubulk" 829
"D:/Unreal Projects/DribbleHero_Sample/Content/ControlRig/Characters/Mannequins/Textures/Manny/T_Manny_02_Tan.uasset" 830
"D:/Unreal Projects/DribbleHero_Sample/Content/ControlRig/Characters/Mannequins/Textures/Manny/T_Manny_02_Tan.uexp" 831
"D:/Unreal Projects/DribbleHero_Sample/Content/ControlRig/Characters/Mannequins/Materials/Instances/Manny/MI_Manny_02.uasset" 832
"D:/Unreal Projects/DribbleHero_Sample/Content/ControlRig/Characters/Mannequins/Materials/Instances/Manny/MI_Manny_02.uexp" 833
"D:/Unreal Projects/DribbleHero_Sample/Content/ControlRig/Characters/Mannequins/Meshes/SK_Mannequin.uasset" 834
"D:/Unreal Projects/DribbleHero_Sample/Content/ControlRig/Characters/Mannequins/Meshes/SK_Mannequin.uexp" 835
"D:/Unreal Projects/DribbleHero_Sample/Content/ControlRig/Characters/Mannequins/Meshes/SKM_Manny_Simple.uasset" 836
"D:/Unreal Projects/DribbleHero_Sample/Content/ControlRig/Characters/Mannequins/Meshes/SKM_Manny_Simple.uexp" 837
"D:/Unreal Projects/DribbleHero_Sample/Content/StarterContent/Architecture/T_Pitch_BaseColor.ubulk" 838
"D:/Unreal Projects/DribbleHero_Sample/Content/StarterContent/Architecture/T_Pitch_BaseColor.uasset" 839
"D:/Unreal Projects/DribbleHero_Sample/Content/StarterContent/Architecture/T_Pitch_BaseColor.uexp" 840
"D:/Unreal Projects/DribbleHero_Sample/Content/StarterContent/Architecture/T_Pitch_Normal.ubulk" 841
"D:/Unreal Projects/DribbleHero_Sample/Content/StarterContent/Architecture/T_Pitch_Normal.uasset" 842
"D:/Unreal Projects/DribbleHero_Sample/Content/StarterContent/Architecture/T_Pitch_Normal.uexp" 843
"../../../Engine/Content/EngineMaterials/BaseFlattenNormalMap.uasset" 844
"../../../Engine/Content/EngineMaterials/BaseFlattenNormalMap.uexp" 845
"../../../Engine/Content/EngineMaterials/BaseFlattenGrayscaleMap.uasset" 846
"../../../Engine/Content/EngineMaterials/BaseFlattenGrayscaleMap.uexp" 847
"../../../Engine/Content/EngineMaterials/BaseFlattenDiffuseMap.uasset" 848
"../../../Engine/Content/EngineMaterials/BaseFlattenDiffuseMap.uexp" 849
"../../../Engine/Content/Functions/Engine_MaterialFunctions02/PivotPainter2/Black_1x1_EXR_Texture.uasset" 850
"../../../Engine/Content/Functions/Engine_MaterialFunctions02/PivotPainter2/Black_1x1_EXR_Texture.uexp" 851
"../../../Engine/Content/EngineMaterials/BaseFlattenEmissiveMap.uasset" 852
"../../../Engine/Content/EngineMaterials/BaseFlattenEmissiveMap.uexp" 853
"../../../Engine/Content/EngineMaterials/FlattenMaterial.uasset" 854
"../../../Engine/Content/EngineMaterials/FlattenMaterial.uexp" 855
"D:/Unreal Projects/DribbleHero_Sample/Content/StarterContent/Architecture/M_Pitch.uasset" 856
"D:/Unreal Projects/DribbleHero_Sample/Content/StarterContent/Architecture/M_Pitch.uexp" 857
"D:/Unreal Projects/DribbleHero_Sample/Content/StarterContent/Architecture/SM_Pitch.uasset" 858
"D:/Unreal Projects/DribbleHero_Sample/Content/StarterContent/Architecture/SM_Pitch.uexp" 859
"D:/Unreal Projects/DribbleHero_Sample/Content/LevelMaps/DribbleLevel_BuiltData.ubulk" 860
"D:/Unreal Projects/DribbleHero_Sample/Content/LevelMaps/DribbleLevel_BuiltData.uasset" 861
"D:/Unreal Projects/DribbleHero_Sample/Content/LevelMaps/DribbleLevel_BuiltData.uexp" 862
"D:/Unreal Projects/DribbleHero_Sample/Content/StarterContent/Materials/M_Basic_Wall.uasset" 863
"D:/Unreal Projects/DribbleHero_Sample/Content/StarterContent/Materials/M_Basic_Wall.uexp" 864
"D:/Unreal Projects/DribbleHero_Sample/Content/StarterContent/Architecture/Wall_400x200.ubulk" 865
"D:/Unreal Projects/DribbleHero_Sample/Content/StarterContent/Architecture/Wall_400x200.uasset" 866
"D:/Unreal Projects/DribbleHero_Sample/Content/StarterContent/Architecture/Wall_400x200.uexp" 867
"D:/Unreal Projects/DribbleHero_Sample/Content/Materials/ConeMaterial.uasset" 868
"D:/Unreal Projects/DribbleHero_Sample/Content/Materials/ConeMaterial.uexp" 869
"D:/Unreal Projects/DribbleHero_Sample/Content/Blueprints/DribbleHeroGUI.uasset" 870
"D:/Unreal Projects/DribbleHero_Sample/Content/Blueprints/DribbleHeroGUI.uexp" 871
"D:/Unreal Projects/DribbleHero_Sample/Content/StarterContent/Input/AutoRun.uasset" 872
"D:/Unreal Projects/DribbleHero_Sample/Content/StarterContent/Input/AutoRun.uexp" 873
"D:/Unreal Projects/DribbleHero_Sample/Content/StarterContent/Input/Movement.uasset" 874
"D:/Unreal Projects/DribbleHero_Sample/Content/StarterContent/Input/Movement.uexp" 875
"D:/Unreal Projects/DribbleHero_Sample/Content/StarterContent/Input/DefaultMappingContext.uasset" 876
"D:/Unreal Projects/DribbleHero_Sample/Content/StarterContent/Input/DefaultMappingContext.uexp" 877
"D:/Unreal Projects/DribbleHero_Sample/Content/StarterContent/Shapes/Shape_Cone.ubulk" 878
"D:/Unreal Projects/DribbleHero_Sample/Content/StarterContent/Shapes/Shape_Cone.uasset" 879
"D:/Unreal Projects/DribbleHero_Sample/Content/StarterContent/Shapes/Shape_Cone.uexp" 880
"D:/Unreal Projects/DribbleHero_Sample/Content/StarterContent/Audio/Starter_Background_Cue.uasset" 881
"D:/Unreal Projects/DribbleHero_Sample/Content/StarterContent/Audio/Starter_Background_Cue.uexp" 882
"D:/Unreal Projects/DribbleHero_Sample/Content/LevelMaps/DribbleLevel.uexp" 883
"D:/Unreal Projects/DribbleHero_Sample/Content/LevelMaps/DribbleLevel.umap" 884
